<?xml version="1.0" encoding="UTF-8"?>
<testsuite name="cz.siret.prank.geom.kdtree.AtomKdTreeTest" tests="1" skipped="0" failures="0" errors="0" timestamp="2022-12-15T22:12:01" hostname="macbook-air-de-junwoo.home" time="0.42">
  <properties/>
  <testcase name="findAtomsWithinRadius" classname="cz.siret.prank.geom.kdtree.AtomKdTreeTest" time="0.42"/>
  <system-out><![CDATA[findAtomsWithinRadius serial:23 kd:23
findAtomsWithinRadius serial:24 kd:24
findAtomsWithinRadius serial:33 kd:33
findAtomsWithinRadius serial:35 kd:35
findAtomsWithinRadius serial:22 kd:22
findAtomsWithinRadius serial:20 kd:20
findAtomsWithinRadius serial:16 kd:16
findAtomsWithinRadius serial:8 kd:8
findAtomsWithinRadius serial:30 kd:30
findAtomsWithinRadius serial:36 kd:36
findAtomsWithinRadius serial:36 kd:36
findAtomsWithinRadius serial:30 kd:30
findAtomsWithinRadius serial:29 kd:29
findAtomsWithinRadius serial:24 kd:24
findAtomsWithinRadius serial:18 kd:18
findAtomsWithinRadius serial:16 kd:16
findAtomsWithinRadius serial:11 kd:11
findAtomsWithinRadius serial:43 kd:43
findAtomsWithinRadius serial:40 kd:40
findAtomsWithinRadius serial:46 kd:46
findAtomsWithinRadius serial:46 kd:46
findAtomsWithinRadius serial:45 kd:45
findAtomsWithinRadius serial:38 kd:38
findAtomsWithinRadius serial:40 kd:40
findAtomsWithinRadius serial:38 kd:38
findAtomsWithinRadius serial:44 kd:44
findAtomsWithinRadius serial:48 kd:48
findAtomsWithinRadius serial:53 kd:53
findAtomsWithinRadius serial:48 kd:48
findAtomsWithinRadius serial:48 kd:48
findAtomsWithinRadius serial:45 kd:45
findAtomsWithinRadius serial:40 kd:40
findAtomsWithinRadius serial:41 kd:41
findAtomsWithinRadius serial:48 kd:48
findAtomsWithinRadius serial:55 kd:55
findAtomsWithinRadius serial:51 kd:51
findAtomsWithinRadius serial:57 kd:57
findAtomsWithinRadius serial:51 kd:51
findAtomsWithinRadius serial:51 kd:51
findAtomsWithinRadius serial:47 kd:47
findAtomsWithinRadius serial:45 kd:45
findAtomsWithinRadius serial:46 kd:46
findAtomsWithinRadius serial:52 kd:52
findAtomsWithinRadius serial:49 kd:49
findAtomsWithinRadius serial:48 kd:48
findAtomsWithinRadius serial:48 kd:48
findAtomsWithinRadius serial:51 kd:51
findAtomsWithinRadius serial:44 kd:44
findAtomsWithinRadius serial:50 kd:50
findAtomsWithinRadius serial:44 kd:44
findAtomsWithinRadius serial:52 kd:52
findAtomsWithinRadius serial:55 kd:55
findAtomsWithinRadius serial:52 kd:52
findAtomsWithinRadius serial:46 kd:46
findAtomsWithinRadius serial:51 kd:51
findAtomsWithinRadius serial:48 kd:48
findAtomsWithinRadius serial:47 kd:47
findAtomsWithinRadius serial:49 kd:49
findAtomsWithinRadius serial:49 kd:49
findAtomsWithinRadius serial:47 kd:47
findAtomsWithinRadius serial:50 kd:50
findAtomsWithinRadius serial:51 kd:51
findAtomsWithinRadius serial:48 kd:48
findAtomsWithinRadius serial:45 kd:45
findAtomsWithinRadius serial:45 kd:45
findAtomsWithinRadius serial:47 kd:47
findAtomsWithinRadius serial:49 kd:49
findAtomsWithinRadius serial:44 kd:44
findAtomsWithinRadius serial:46 kd:46
findAtomsWithinRadius serial:47 kd:47
findAtomsWithinRadius serial:40 kd:40
findAtomsWithinRadius serial:38 kd:38
findAtomsWithinRadius serial:41 kd:41
findAtomsWithinRadius serial:41 kd:41
findAtomsWithinRadius serial:39 kd:39
findAtomsWithinRadius serial:44 kd:44
findAtomsWithinRadius serial:38 kd:38
findAtomsWithinRadius serial:42 kd:42
findAtomsWithinRadius serial:44 kd:44
findAtomsWithinRadius serial:37 kd:37
findAtomsWithinRadius serial:32 kd:32
findAtomsWithinRadius serial:31 kd:31
findAtomsWithinRadius serial:33 kd:33
findAtomsWithinRadius serial:30 kd:30
findAtomsWithinRadius serial:37 kd:37
findAtomsWithinRadius serial:26 kd:26
findAtomsWithinRadius serial:23 kd:23
findAtomsWithinRadius serial:25 kd:25
findAtomsWithinRadius serial:29 kd:29
findAtomsWithinRadius serial:27 kd:27
findAtomsWithinRadius serial:24 kd:24
findAtomsWithinRadius serial:36 kd:36
findAtomsWithinRadius serial:46 kd:46
findAtomsWithinRadius serial:44 kd:44
findAtomsWithinRadius serial:47 kd:47
findAtomsWithinRadius serial:51 kd:51
findAtomsWithinRadius serial:35 kd:35
findAtomsWithinRadius serial:41 kd:41
findAtomsWithinRadius serial:41 kd:41
findAtomsWithinRadius serial:43 kd:43
findAtomsWithinRadius serial:43 kd:43
findAtomsWithinRadius serial:46 kd:46
findAtomsWithinRadius serial:43 kd:43
findAtomsWithinRadius serial:48 kd:48
findAtomsWithinRadius serial:45 kd:45
findAtomsWithinRadius serial:46 kd:46
findAtomsWithinRadius serial:51 kd:51
findAtomsWithinRadius serial:49 kd:49
findAtomsWithinRadius serial:47 kd:47
findAtomsWithinRadius serial:43 kd:43
findAtomsWithinRadius serial:45 kd:45
findAtomsWithinRadius serial:48 kd:48
findAtomsWithinRadius serial:47 kd:47
findAtomsWithinRadius serial:37 kd:37
findAtomsWithinRadius serial:37 kd:37
findAtomsWithinRadius serial:37 kd:37
findAtomsWithinRadius serial:44 kd:44
findAtomsWithinRadius serial:49 kd:49
findAtomsWithinRadius serial:51 kd:51
findAtomsWithinRadius serial:51 kd:51
findAtomsWithinRadius serial:39 kd:39
findAtomsWithinRadius serial:32 kd:32
findAtomsWithinRadius serial:36 kd:36
findAtomsWithinRadius serial:44 kd:44
findAtomsWithinRadius serial:51 kd:51
findAtomsWithinRadius serial:52 kd:52
findAtomsWithinRadius serial:46 kd:46
findAtomsWithinRadius serial:45 kd:45
findAtomsWithinRadius serial:50 kd:50
findAtomsWithinRadius serial:41 kd:41
findAtomsWithinRadius serial:47 kd:47
findAtomsWithinRadius serial:48 kd:48
findAtomsWithinRadius serial:50 kd:50
findAtomsWithinRadius serial:53 kd:53
findAtomsWithinRadius serial:51 kd:51
findAtomsWithinRadius serial:52 kd:52
findAtomsWithinRadius serial:49 kd:49
findAtomsWithinRadius serial:48 kd:48
findAtomsWithinRadius serial:56 kd:56
findAtomsWithinRadius serial:50 kd:50
findAtomsWithinRadius serial:54 kd:54
findAtomsWithinRadius serial:57 kd:57
findAtomsWithinRadius serial:55 kd:55
findAtomsWithinRadius serial:49 kd:49
findAtomsWithinRadius serial:39 kd:39
findAtomsWithinRadius serial:39 kd:39
findAtomsWithinRadius serial:42 kd:42
findAtomsWithinRadius serial:31 kd:31
findAtomsWithinRadius serial:34 kd:34
findAtomsWithinRadius serial:33 kd:33
findAtomsWithinRadius serial:61 kd:61
findAtomsWithinRadius serial:51 kd:51
findAtomsWithinRadius serial:50 kd:50
findAtomsWithinRadius serial:45 kd:45
findAtomsWithinRadius serial:56 kd:56
findAtomsWithinRadius serial:51 kd:51
findAtomsWithinRadius serial:41 kd:41
findAtomsWithinRadius serial:38 kd:38
findAtomsWithinRadius serial:30 kd:30
findAtomsWithinRadius serial:46 kd:46
findAtomsWithinRadius serial:42 kd:42
findAtomsWithinRadius serial:39 kd:39
findAtomsWithinRadius serial:34 kd:34
findAtomsWithinRadius serial:41 kd:41
findAtomsWithinRadius serial:44 kd:44
findAtomsWithinRadius serial:38 kd:38
findAtomsWithinRadius serial:39 kd:39
findAtomsWithinRadius serial:44 kd:44
findAtomsWithinRadius serial:42 kd:42
findAtomsWithinRadius serial:37 kd:37
findAtomsWithinRadius serial:28 kd:28
findAtomsWithinRadius serial:50 kd:50
findAtomsWithinRadius serial:39 kd:39
findAtomsWithinRadius serial:33 kd:33
findAtomsWithinRadius serial:28 kd:28
findAtomsWithinRadius serial:31 kd:31
findAtomsWithinRadius serial:41 kd:41
findAtomsWithinRadius serial:40 kd:40
findAtomsWithinRadius serial:36 kd:36
findAtomsWithinRadius serial:28 kd:28
findAtomsWithinRadius serial:39 kd:39
findAtomsWithinRadius serial:30 kd:30
findAtomsWithinRadius serial:29 kd:29
findAtomsWithinRadius serial:23 kd:23
findAtomsWithinRadius serial:41 kd:41
findAtomsWithinRadius serial:38 kd:38
findAtomsWithinRadius serial:32 kd:32
findAtomsWithinRadius serial:27 kd:27
findAtomsWithinRadius serial:37 kd:37
findAtomsWithinRadius serial:35 kd:35
findAtomsWithinRadius serial:42 kd:42
findAtomsWithinRadius serial:51 kd:51
findAtomsWithinRadius serial:28 kd:28
findAtomsWithinRadius serial:29 kd:29
findAtomsWithinRadius serial:22 kd:22
findAtomsWithinRadius serial:18 kd:18
findAtomsWithinRadius serial:23 kd:23
findAtomsWithinRadius serial:37 kd:37
findAtomsWithinRadius serial:36 kd:36
findAtomsWithinRadius serial:22 kd:22
findAtomsWithinRadius serial:21 kd:21
findAtomsWithinRadius serial:28 kd:28
findAtomsWithinRadius serial:27 kd:27
findAtomsWithinRadius serial:32 kd:32
findAtomsWithinRadius serial:27 kd:27
findAtomsWithinRadius serial:27 kd:27
findAtomsWithinRadius serial:31 kd:31
findAtomsWithinRadius serial:27 kd:27
findAtomsWithinRadius serial:32 kd:32
findAtomsWithinRadius serial:40 kd:40
findAtomsWithinRadius serial:24 kd:24
findAtomsWithinRadius serial:24 kd:24
findAtomsWithinRadius serial:22 kd:22
findAtomsWithinRadius serial:22 kd:22
findAtomsWithinRadius serial:18 kd:18
findAtomsWithinRadius serial:17 kd:17
findAtomsWithinRadius serial:14 kd:14
findAtomsWithinRadius serial:26 kd:26
findAtomsWithinRadius serial:26 kd:26
findAtomsWithinRadius serial:25 kd:25
findAtomsWithinRadius serial:22 kd:22
findAtomsWithinRadius serial:33 kd:33
findAtomsWithinRadius serial:27 kd:27
findAtomsWithinRadius serial:35 kd:35
findAtomsWithinRadius serial:27 kd:27
findAtomsWithinRadius serial:24 kd:24
findAtomsWithinRadius serial:27 kd:27
findAtomsWithinRadius serial:32 kd:32
findAtomsWithinRadius serial:22 kd:22
findAtomsWithinRadius serial:20 kd:20
findAtomsWithinRadius serial:19 kd:19
findAtomsWithinRadius serial:15 kd:15
findAtomsWithinRadius serial:25 kd:25
findAtomsWithinRadius serial:25 kd:25
findAtomsWithinRadius serial:26 kd:26
findAtomsWithinRadius serial:28 kd:28
findAtomsWithinRadius serial:24 kd:24
findAtomsWithinRadius serial:18 kd:18
findAtomsWithinRadius serial:20 kd:20
findAtomsWithinRadius serial:32 kd:32
findAtomsWithinRadius serial:30 kd:30
findAtomsWithinRadius serial:32 kd:32
findAtomsWithinRadius serial:35 kd:35
findAtomsWithinRadius serial:44 kd:44
findAtomsWithinRadius serial:33 kd:33
findAtomsWithinRadius serial:43 kd:43
findAtomsWithinRadius serial:27 kd:27
findAtomsWithinRadius serial:24 kd:24
findAtomsWithinRadius serial:28 kd:28
findAtomsWithinRadius serial:26 kd:26
findAtomsWithinRadius serial:19 kd:19
findAtomsWithinRadius serial:15 kd:15
findAtomsWithinRadius serial:14 kd:14
findAtomsWithinRadius serial:30 kd:30
findAtomsWithinRadius serial:32 kd:32
findAtomsWithinRadius serial:41 kd:41
findAtomsWithinRadius serial:40 kd:40
findAtomsWithinRadius serial:46 kd:46
findAtomsWithinRadius serial:45 kd:45
findAtomsWithinRadius serial:42 kd:42
findAtomsWithinRadius serial:35 kd:35
findAtomsWithinRadius serial:49 kd:49
findAtomsWithinRadius serial:44 kd:44
findAtomsWithinRadius serial:45 kd:45
findAtomsWithinRadius serial:45 kd:45
findAtomsWithinRadius serial:46 kd:46
findAtomsWithinRadius serial:43 kd:43
findAtomsWithinRadius serial:43 kd:43
findAtomsWithinRadius serial:44 kd:44
findAtomsWithinRadius serial:41 kd:41
findAtomsWithinRadius serial:47 kd:47
findAtomsWithinRadius serial:52 kd:52
findAtomsWithinRadius serial:44 kd:44
findAtomsWithinRadius serial:34 kd:34
findAtomsWithinRadius serial:27 kd:27
findAtomsWithinRadius serial:33 kd:33
findAtomsWithinRadius serial:46 kd:46
findAtomsWithinRadius serial:48 kd:48
findAtomsWithinRadius serial:35 kd:35
findAtomsWithinRadius serial:29 kd:29
findAtomsWithinRadius serial:47 kd:47
findAtomsWithinRadius serial:44 kd:44
findAtomsWithinRadius serial:50 kd:50
findAtomsWithinRadius serial:41 kd:41
findAtomsWithinRadius serial:44 kd:44
findAtomsWithinRadius serial:49 kd:49
findAtomsWithinRadius serial:49 kd:49
findAtomsWithinRadius serial:44 kd:44
findAtomsWithinRadius serial:37 kd:37
findAtomsWithinRadius serial:29 kd:29
findAtomsWithinRadius serial:28 kd:28
findAtomsWithinRadius serial:26 kd:26
findAtomsWithinRadius serial:45 kd:45
findAtomsWithinRadius serial:48 kd:48
findAtomsWithinRadius serial:42 kd:42
findAtomsWithinRadius serial:36 kd:36
findAtomsWithinRadius serial:52 kd:52
findAtomsWithinRadius serial:46 kd:46
findAtomsWithinRadius serial:52 kd:52
findAtomsWithinRadius serial:44 kd:44
findAtomsWithinRadius serial:36 kd:36
findAtomsWithinRadius serial:39 kd:39
findAtomsWithinRadius serial:44 kd:44
findAtomsWithinRadius serial:43 kd:43
findAtomsWithinRadius serial:37 kd:37
findAtomsWithinRadius serial:39 kd:39
findAtomsWithinRadius serial:35 kd:35
findAtomsWithinRadius serial:35 kd:35
findAtomsWithinRadius serial:33 kd:33
findAtomsWithinRadius serial:24 kd:24
findAtomsWithinRadius serial:31 kd:31
findAtomsWithinRadius serial:31 kd:31
findAtomsWithinRadius serial:26 kd:26
findAtomsWithinRadius serial:41 kd:41
findAtomsWithinRadius serial:40 kd:40
findAtomsWithinRadius serial:39 kd:39
findAtomsWithinRadius serial:43 kd:43
findAtomsWithinRadius serial:39 kd:39
findAtomsWithinRadius serial:38 kd:38
findAtomsWithinRadius serial:30 kd:30
findAtomsWithinRadius serial:45 kd:45
findAtomsWithinRadius serial:32 kd:32
findAtomsWithinRadius serial:40 kd:40
findAtomsWithinRadius serial:34 kd:34
findAtomsWithinRadius serial:36 kd:36
findAtomsWithinRadius serial:35 kd:35
findAtomsWithinRadius serial:30 kd:30
findAtomsWithinRadius serial:28 kd:28
findAtomsWithinRadius serial:32 kd:32
findAtomsWithinRadius serial:27 kd:27
findAtomsWithinRadius serial:27 kd:27
findAtomsWithinRadius serial:18 kd:18
findAtomsWithinRadius serial:17 kd:17
findAtomsWithinRadius serial:27 kd:27
findAtomsWithinRadius serial:26 kd:26
findAtomsWithinRadius serial:32 kd:32
findAtomsWithinRadius serial:29 kd:29
findAtomsWithinRadius serial:20 kd:20
findAtomsWithinRadius serial:14 kd:14
findAtomsWithinRadius serial:13 kd:13
findAtomsWithinRadius serial:13 kd:13
findAtomsWithinRadius serial:40 kd:40
findAtomsWithinRadius serial:44 kd:44
findAtomsWithinRadius serial:50 kd:50
findAtomsWithinRadius serial:47 kd:47
findAtomsWithinRadius serial:48 kd:48
findAtomsWithinRadius serial:43 kd:43
findAtomsWithinRadius serial:46 kd:46
findAtomsWithinRadius serial:48 kd:48
findAtomsWithinRadius serial:49 kd:49
findAtomsWithinRadius serial:51 kd:51
findAtomsWithinRadius serial:45 kd:45
findAtomsWithinRadius serial:43 kd:43
findAtomsWithinRadius serial:42 kd:42
findAtomsWithinRadius serial:30 kd:30
findAtomsWithinRadius serial:28 kd:28
findAtomsWithinRadius serial:33 kd:33
findAtomsWithinRadius serial:55 kd:55
findAtomsWithinRadius serial:52 kd:52
findAtomsWithinRadius serial:52 kd:52
findAtomsWithinRadius serial:45 kd:45
findAtomsWithinRadius serial:48 kd:48
findAtomsWithinRadius serial:45 kd:45
findAtomsWithinRadius serial:50 kd:50
findAtomsWithinRadius serial:42 kd:42
findAtomsWithinRadius serial:45 kd:45
findAtomsWithinRadius serial:48 kd:48
findAtomsWithinRadius serial:48 kd:48
findAtomsWithinRadius serial:50 kd:50
findAtomsWithinRadius serial:51 kd:51
findAtomsWithinRadius serial:49 kd:49
findAtomsWithinRadius serial:50 kd:50
findAtomsWithinRadius serial:52 kd:52
findAtomsWithinRadius serial:47 kd:47
findAtomsWithinRadius serial:47 kd:47
findAtomsWithinRadius serial:42 kd:42
findAtomsWithinRadius serial:50 kd:50
findAtomsWithinRadius serial:46 kd:46
findAtomsWithinRadius serial:51 kd:51
findAtomsWithinRadius serial:48 kd:48
findAtomsWithinRadius serial:43 kd:43
findAtomsWithinRadius serial:39 kd:39
findAtomsWithinRadius serial:41 kd:41
findAtomsWithinRadius serial:51 kd:51
findAtomsWithinRadius serial:55 kd:55
findAtomsWithinRadius serial:54 kd:54
findAtomsWithinRadius serial:47 kd:47
findAtomsWithinRadius serial:49 kd:49
findAtomsWithinRadius serial:48 kd:48
findAtomsWithinRadius serial:46 kd:46
findAtomsWithinRadius serial:44 kd:44
findAtomsWithinRadius serial:45 kd:45
findAtomsWithinRadius serial:42 kd:42
findAtomsWithinRadius serial:46 kd:46
findAtomsWithinRadius serial:45 kd:45
findAtomsWithinRadius serial:42 kd:42
findAtomsWithinRadius serial:55 kd:55
findAtomsWithinRadius serial:50 kd:50
findAtomsWithinRadius serial:52 kd:52
findAtomsWithinRadius serial:46 kd:46
findAtomsWithinRadius serial:54 kd:54
findAtomsWithinRadius serial:50 kd:50
findAtomsWithinRadius serial:49 kd:49
findAtomsWithinRadius serial:45 kd:45
findAtomsWithinRadius serial:46 kd:46
findAtomsWithinRadius serial:43 kd:43
findAtomsWithinRadius serial:41 kd:41
findAtomsWithinRadius serial:45 kd:45
findAtomsWithinRadius serial:45 kd:45
findAtomsWithinRadius serial:44 kd:44
findAtomsWithinRadius serial:49 kd:49
findAtomsWithinRadius serial:43 kd:43
findAtomsWithinRadius serial:40 kd:40
findAtomsWithinRadius serial:40 kd:40
findAtomsWithinRadius serial:41 kd:41
findAtomsWithinRadius serial:42 kd:42
findAtomsWithinRadius serial:49 kd:49
findAtomsWithinRadius serial:52 kd:52
findAtomsWithinRadius serial:49 kd:49
findAtomsWithinRadius serial:48 kd:48
findAtomsWithinRadius serial:41 kd:41
findAtomsWithinRadius serial:47 kd:47
findAtomsWithinRadius serial:45 kd:45
findAtomsWithinRadius serial:35 kd:35
findAtomsWithinRadius serial:26 kd:26
findAtomsWithinRadius serial:23 kd:23
findAtomsWithinRadius serial:20 kd:20
findAtomsWithinRadius serial:40 kd:40
findAtomsWithinRadius serial:37 kd:37
findAtomsWithinRadius serial:40 kd:40
findAtomsWithinRadius serial:40 kd:40
findAtomsWithinRadius serial:28 kd:28
findAtomsWithinRadius serial:23 kd:23
findAtomsWithinRadius serial:23 kd:23
findAtomsWithinRadius serial:18 kd:18
findAtomsWithinRadius serial:37 kd:37
findAtomsWithinRadius serial:34 kd:34
findAtomsWithinRadius serial:35 kd:35
findAtomsWithinRadius serial:32 kd:32
findAtomsWithinRadius serial:25 kd:25
findAtomsWithinRadius serial:18 kd:18
findAtomsWithinRadius serial:17 kd:17
findAtomsWithinRadius serial:14 kd:14
findAtomsWithinRadius serial:9 kd:9
findAtomsWithinRadius serial:37 kd:37
findAtomsWithinRadius serial:41 kd:41
findAtomsWithinRadius serial:52 kd:52
findAtomsWithinRadius serial:47 kd:47
findAtomsWithinRadius serial:35 kd:35
findAtomsWithinRadius serial:41 kd:41
findAtomsWithinRadius serial:21 kd:21
findAtomsWithinRadius serial:37 kd:37
findAtomsWithinRadius serial:52 kd:52
findAtomsWithinRadius serial:52 kd:52
findAtomsWithinRadius serial:44 kd:44
findAtomsWithinRadius serial:43 kd:43
findAtomsWithinRadius serial:50 kd:50
findAtomsWithinRadius serial:48 kd:48
findAtomsWithinRadius serial:41 kd:41
findAtomsWithinRadius serial:47 kd:47
findAtomsWithinRadius serial:42 kd:42
findAtomsWithinRadius serial:39 kd:39
findAtomsWithinRadius serial:35 kd:35
findAtomsWithinRadius serial:42 kd:42
findAtomsWithinRadius serial:41 kd:41
findAtomsWithinRadius serial:31 kd:31
findAtomsWithinRadius serial:28 kd:28
findAtomsWithinRadius serial:32 kd:32
findAtomsWithinRadius serial:43 kd:43
findAtomsWithinRadius serial:48 kd:48
findAtomsWithinRadius serial:51 kd:51
findAtomsWithinRadius serial:50 kd:50
findAtomsWithinRadius serial:43 kd:43
findAtomsWithinRadius serial:40 kd:40
findAtomsWithinRadius serial:35 kd:35
findAtomsWithinRadius serial:42 kd:42
findAtomsWithinRadius serial:49 kd:49
findAtomsWithinRadius serial:50 kd:50
findAtomsWithinRadius serial:54 kd:54
findAtomsWithinRadius serial:51 kd:51
findAtomsWithinRadius serial:46 kd:46
findAtomsWithinRadius serial:43 kd:43
findAtomsWithinRadius serial:46 kd:46
findAtomsWithinRadius serial:42 kd:42
findAtomsWithinRadius serial:48 kd:48
findAtomsWithinRadius serial:43 kd:43
findAtomsWithinRadius serial:40 kd:40
findAtomsWithinRadius serial:49 kd:49
findAtomsWithinRadius serial:42 kd:42
findAtomsWithinRadius serial:50 kd:50
findAtomsWithinRadius serial:47 kd:47
findAtomsWithinRadius serial:46 kd:46
findAtomsWithinRadius serial:48 kd:48
findAtomsWithinRadius serial:40 kd:40
findAtomsWithinRadius serial:36 kd:36
findAtomsWithinRadius serial:23 kd:23
findAtomsWithinRadius serial:26 kd:26
findAtomsWithinRadius serial:19 kd:19
findAtomsWithinRadius serial:50 kd:50
findAtomsWithinRadius serial:49 kd:49
findAtomsWithinRadius serial:51 kd:51
findAtomsWithinRadius serial:48 kd:48
findAtomsWithinRadius serial:48 kd:48
findAtomsWithinRadius serial:47 kd:47
findAtomsWithinRadius serial:41 kd:41
findAtomsWithinRadius serial:49 kd:49
findAtomsWithinRadius serial:39 kd:39
findAtomsWithinRadius serial:45 kd:45
findAtomsWithinRadius serial:48 kd:48
findAtomsWithinRadius serial:49 kd:49
findAtomsWithinRadius serial:46 kd:46
findAtomsWithinRadius serial:47 kd:47
findAtomsWithinRadius serial:45 kd:45
findAtomsWithinRadius serial:41 kd:41
findAtomsWithinRadius serial:42 kd:42
findAtomsWithinRadius serial:43 kd:43
findAtomsWithinRadius serial:39 kd:39
findAtomsWithinRadius serial:38 kd:38
findAtomsWithinRadius serial:42 kd:42
findAtomsWithinRadius serial:49 kd:49
findAtomsWithinRadius serial:52 kd:52
findAtomsWithinRadius serial:46 kd:46
findAtomsWithinRadius serial:47 kd:47
findAtomsWithinRadius serial:54 kd:54
findAtomsWithinRadius serial:49 kd:49
findAtomsWithinRadius serial:46 kd:46
findAtomsWithinRadius serial:49 kd:49
findAtomsWithinRadius serial:45 kd:45
findAtomsWithinRadius serial:42 kd:42
findAtomsWithinRadius serial:42 kd:42
findAtomsWithinRadius serial:43 kd:43
findAtomsWithinRadius serial:35 kd:35
findAtomsWithinRadius serial:33 kd:33
findAtomsWithinRadius serial:33 kd:33
findAtomsWithinRadius serial:38 kd:38
findAtomsWithinRadius serial:36 kd:36
findAtomsWithinRadius serial:23 kd:23
findAtomsWithinRadius serial:28 kd:28
findAtomsWithinRadius serial:26 kd:26
findAtomsWithinRadius serial:33 kd:33
findAtomsWithinRadius serial:32 kd:32
findAtomsWithinRadius serial:36 kd:36
findAtomsWithinRadius serial:49 kd:49
findAtomsWithinRadius serial:40 kd:40
findAtomsWithinRadius serial:35 kd:35
findAtomsWithinRadius serial:52 kd:52
findAtomsWithinRadius serial:49 kd:49
findAtomsWithinRadius serial:45 kd:45
findAtomsWithinRadius serial:41 kd:41
findAtomsWithinRadius serial:41 kd:41
findAtomsWithinRadius serial:45 kd:45
findAtomsWithinRadius serial:35 kd:35
findAtomsWithinRadius serial:35 kd:35
findAtomsWithinRadius serial:27 kd:27
findAtomsWithinRadius serial:29 kd:29
findAtomsWithinRadius serial:33 kd:33
findAtomsWithinRadius serial:18 kd:18
findAtomsWithinRadius serial:50 kd:50
findAtomsWithinRadius serial:46 kd:46
findAtomsWithinRadius serial:52 kd:52
findAtomsWithinRadius serial:48 kd:48
findAtomsWithinRadius serial:52 kd:52
findAtomsWithinRadius serial:45 kd:45
findAtomsWithinRadius serial:45 kd:45
findAtomsWithinRadius serial:44 kd:44
findAtomsWithinRadius serial:46 kd:46
findAtomsWithinRadius serial:41 kd:41
findAtomsWithinRadius serial:45 kd:45
findAtomsWithinRadius serial:40 kd:40
findAtomsWithinRadius serial:47 kd:47
findAtomsWithinRadius serial:47 kd:47
findAtomsWithinRadius serial:50 kd:50
findAtomsWithinRadius serial:46 kd:46
findAtomsWithinRadius serial:48 kd:48
findAtomsWithinRadius serial:41 kd:41
findAtomsWithinRadius serial:49 kd:49
findAtomsWithinRadius serial:36 kd:36
findAtomsWithinRadius serial:53 kd:53
findAtomsWithinRadius serial:51 kd:51
findAtomsWithinRadius serial:51 kd:51
findAtomsWithinRadius serial:46 kd:46
findAtomsWithinRadius serial:55 kd:55
findAtomsWithinRadius serial:44 kd:44
findAtomsWithinRadius serial:48 kd:48
findAtomsWithinRadius serial:43 kd:43
findAtomsWithinRadius serial:49 kd:49
findAtomsWithinRadius serial:45 kd:45
findAtomsWithinRadius serial:46 kd:46
findAtomsWithinRadius serial:48 kd:48
findAtomsWithinRadius serial:51 kd:51
findAtomsWithinRadius serial:46 kd:46
findAtomsWithinRadius serial:47 kd:47
findAtomsWithinRadius serial:53 kd:53
findAtomsWithinRadius serial:48 kd:48
findAtomsWithinRadius serial:56 kd:56
findAtomsWithinRadius serial:45 kd:45
findAtomsWithinRadius serial:41 kd:41
findAtomsWithinRadius serial:43 kd:43
findAtomsWithinRadius serial:50 kd:50
findAtomsWithinRadius serial:40 kd:40
findAtomsWithinRadius serial:33 kd:33
findAtomsWithinRadius serial:39 kd:39
findAtomsWithinRadius serial:42 kd:42
findAtomsWithinRadius serial:50 kd:50
findAtomsWithinRadius serial:42 kd:42
findAtomsWithinRadius serial:37 kd:37
findAtomsWithinRadius serial:42 kd:42
findAtomsWithinRadius serial:39 kd:39
findAtomsWithinRadius serial:41 kd:41
findAtomsWithinRadius serial:36 kd:36
findAtomsWithinRadius serial:48 kd:48
findAtomsWithinRadius serial:52 kd:52
findAtomsWithinRadius serial:50 kd:50
findAtomsWithinRadius serial:44 kd:44
findAtomsWithinRadius serial:53 kd:53
findAtomsWithinRadius serial:49 kd:49
findAtomsWithinRadius serial:49 kd:49
findAtomsWithinRadius serial:46 kd:46
findAtomsWithinRadius serial:42 kd:42
findAtomsWithinRadius serial:38 kd:38
findAtomsWithinRadius serial:46 kd:46
findAtomsWithinRadius serial:33 kd:33
findAtomsWithinRadius serial:39 kd:39
findAtomsWithinRadius serial:46 kd:46
findAtomsWithinRadius serial:44 kd:44
findAtomsWithinRadius serial:38 kd:38
findAtomsWithinRadius serial:32 kd:32
findAtomsWithinRadius serial:35 kd:35
findAtomsWithinRadius serial:27 kd:27
findAtomsWithinRadius serial:40 kd:40
findAtomsWithinRadius serial:39 kd:39
findAtomsWithinRadius serial:36 kd:36
findAtomsWithinRadius serial:32 kd:32
findAtomsWithinRadius serial:30 kd:30
findAtomsWithinRadius serial:27 kd:27
findAtomsWithinRadius serial:22 kd:22
findAtomsWithinRadius serial:26 kd:26
findAtomsWithinRadius serial:23 kd:23
findAtomsWithinRadius serial:34 kd:34
findAtomsWithinRadius serial:28 kd:28
findAtomsWithinRadius serial:34 kd:34
findAtomsWithinRadius serial:31 kd:31
findAtomsWithinRadius serial:24 kd:24
findAtomsWithinRadius serial:16 kd:16
findAtomsWithinRadius serial:16 kd:16
findAtomsWithinRadius serial:11 kd:11
findAtomsWithinRadius serial:37 kd:37
findAtomsWithinRadius serial:44 kd:44
findAtomsWithinRadius serial:48 kd:48
findAtomsWithinRadius serial:43 kd:43
findAtomsWithinRadius serial:40 kd:40
findAtomsWithinRadius serial:28 kd:28
findAtomsWithinRadius serial:24 kd:24
findAtomsWithinRadius serial:24 kd:24
findAtomsWithinRadius serial:28 kd:28
findAtomsWithinRadius serial:43 kd:43
findAtomsWithinRadius serial:43 kd:43
findAtomsWithinRadius serial:42 kd:42
findAtomsWithinRadius serial:45 kd:45
findAtomsWithinRadius serial:41 kd:41
findAtomsWithinRadius serial:38 kd:38
findAtomsWithinRadius serial:39 kd:39
findAtomsWithinRadius serial:39 kd:39
findAtomsWithinRadius serial:41 kd:41
findAtomsWithinRadius serial:42 kd:42
findAtomsWithinRadius serial:45 kd:45
findAtomsWithinRadius serial:44 kd:44
findAtomsWithinRadius serial:32 kd:32
findAtomsWithinRadius serial:22 kd:22
findAtomsWithinRadius serial:22 kd:22
findAtomsWithinRadius serial:22 kd:22
findAtomsWithinRadius serial:44 kd:44
findAtomsWithinRadius serial:46 kd:46
findAtomsWithinRadius serial:49 kd:49
findAtomsWithinRadius serial:48 kd:48
findAtomsWithinRadius serial:38 kd:38
findAtomsWithinRadius serial:32 kd:32
findAtomsWithinRadius serial:27 kd:27
findAtomsWithinRadius serial:24 kd:24
findAtomsWithinRadius serial:30 kd:30
findAtomsWithinRadius serial:49 kd:49
findAtomsWithinRadius serial:49 kd:49
findAtomsWithinRadius serial:51 kd:51
findAtomsWithinRadius serial:48 kd:48
findAtomsWithinRadius serial:48 kd:48
findAtomsWithinRadius serial:53 kd:53
findAtomsWithinRadius serial:56 kd:56
findAtomsWithinRadius serial:53 kd:53
findAtomsWithinRadius serial:48 kd:48
findAtomsWithinRadius serial:51 kd:51
findAtomsWithinRadius serial:43 kd:43
findAtomsWithinRadius serial:37 kd:37
findAtomsWithinRadius serial:34 kd:34
findAtomsWithinRadius serial:25 kd:25
findAtomsWithinRadius serial:48 kd:48
findAtomsWithinRadius serial:51 kd:51
findAtomsWithinRadius serial:50 kd:50
findAtomsWithinRadius serial:45 kd:45
findAtomsWithinRadius serial:42 kd:42
findAtomsWithinRadius serial:34 kd:34
findAtomsWithinRadius serial:26 kd:26
findAtomsWithinRadius serial:18 kd:18
findAtomsWithinRadius serial:23 kd:23
findAtomsWithinRadius serial:50 kd:50
findAtomsWithinRadius serial:49 kd:49
findAtomsWithinRadius serial:53 kd:53
findAtomsWithinRadius serial:48 kd:48
findAtomsWithinRadius serial:47 kd:47
findAtomsWithinRadius serial:41 kd:41
findAtomsWithinRadius serial:32 kd:32
findAtomsWithinRadius serial:32 kd:32
findAtomsWithinRadius serial:27 kd:27
findAtomsWithinRadius serial:53 kd:53
findAtomsWithinRadius serial:53 kd:53
findAtomsWithinRadius serial:53 kd:53
findAtomsWithinRadius serial:49 kd:49
findAtomsWithinRadius serial:48 kd:48
findAtomsWithinRadius serial:43 kd:43
findAtomsWithinRadius serial:41 kd:41
findAtomsWithinRadius serial:46 kd:46
findAtomsWithinRadius serial:52 kd:52
findAtomsWithinRadius serial:49 kd:49
findAtomsWithinRadius serial:50 kd:50
findAtomsWithinRadius serial:43 kd:43
findAtomsWithinRadius serial:39 kd:39
findAtomsWithinRadius serial:38 kd:38
findAtomsWithinRadius serial:32 kd:32
findAtomsWithinRadius serial:45 kd:45
findAtomsWithinRadius serial:39 kd:39
findAtomsWithinRadius serial:38 kd:38
findAtomsWithinRadius serial:46 kd:46
findAtomsWithinRadius serial:41 kd:41
findAtomsWithinRadius serial:44 kd:44
findAtomsWithinRadius serial:42 kd:42
findAtomsWithinRadius serial:34 kd:34
findAtomsWithinRadius serial:25 kd:25
findAtomsWithinRadius serial:22 kd:22
findAtomsWithinRadius serial:22 kd:22
findAtomsWithinRadius serial:22 kd:22
findAtomsWithinRadius serial:42 kd:42
findAtomsWithinRadius serial:45 kd:45
findAtomsWithinRadius serial:50 kd:50
findAtomsWithinRadius serial:51 kd:51
findAtomsWithinRadius serial:47 kd:47
findAtomsWithinRadius serial:44 kd:44
findAtomsWithinRadius serial:39 kd:39
findAtomsWithinRadius serial:48 kd:48
findAtomsWithinRadius serial:45 kd:45
findAtomsWithinRadius serial:48 kd:48
findAtomsWithinRadius serial:45 kd:45
findAtomsWithinRadius serial:43 kd:43
findAtomsWithinRadius serial:41 kd:41
findAtomsWithinRadius serial:45 kd:45
findAtomsWithinRadius serial:38 kd:38
findAtomsWithinRadius serial:41 kd:41
findAtomsWithinRadius serial:37 kd:37
findAtomsWithinRadius serial:32 kd:32
findAtomsWithinRadius serial:35 kd:35
findAtomsWithinRadius serial:31 kd:31
findAtomsWithinRadius serial:30 kd:30
findAtomsWithinRadius serial:25 kd:25
findAtomsWithinRadius serial:17 kd:17
findAtomsWithinRadius serial:29 kd:29
findAtomsWithinRadius serial:41 kd:41
findAtomsWithinRadius serial:40 kd:40
findAtomsWithinRadius serial:44 kd:44
findAtomsWithinRadius serial:44 kd:44
findAtomsWithinRadius serial:42 kd:42
findAtomsWithinRadius serial:39 kd:39
findAtomsWithinRadius serial:30 kd:30
findAtomsWithinRadius serial:37 kd:37
findAtomsWithinRadius serial:36 kd:36
findAtomsWithinRadius serial:33 kd:33
findAtomsWithinRadius serial:35 kd:35
findAtomsWithinRadius serial:32 kd:32
findAtomsWithinRadius serial:26 kd:26
findAtomsWithinRadius serial:19 kd:19
findAtomsWithinRadius serial:11 kd:11
findAtomsWithinRadius serial:7 kd:7
findAtomsWithinRadius serial:5 kd:5
findAtomsWithinRadius serial:35 kd:35
findAtomsWithinRadius serial:37 kd:37
findAtomsWithinRadius serial:39 kd:39
findAtomsWithinRadius serial:46 kd:46
findAtomsWithinRadius serial:40 kd:40
findAtomsWithinRadius serial:29 kd:29
findAtomsWithinRadius serial:28 kd:28
findAtomsWithinRadius serial:35 kd:35
findAtomsWithinRadius serial:24 kd:24
findAtomsWithinRadius serial:41 kd:41
findAtomsWithinRadius serial:47 kd:47
findAtomsWithinRadius serial:44 kd:44
findAtomsWithinRadius serial:42 kd:42
findAtomsWithinRadius serial:51 kd:51
findAtomsWithinRadius serial:46 kd:46
findAtomsWithinRadius serial:41 kd:41
findAtomsWithinRadius serial:46 kd:46
findAtomsWithinRadius serial:44 kd:44
findAtomsWithinRadius serial:39 kd:39
findAtomsWithinRadius serial:34 kd:34
findAtomsWithinRadius serial:30 kd:30
findAtomsWithinRadius serial:36 kd:36
findAtomsWithinRadius serial:32 kd:32
findAtomsWithinRadius serial:19 kd:19
findAtomsWithinRadius serial:15 kd:15
findAtomsWithinRadius serial:5 kd:5
findAtomsWithinRadius serial:31 kd:31
findAtomsWithinRadius serial:25 kd:25
findAtomsWithinRadius serial:30 kd:30
findAtomsWithinRadius serial:30 kd:30
findAtomsWithinRadius serial:20 kd:20
findAtomsWithinRadius serial:14 kd:14
findAtomsWithinRadius serial:15 kd:15
findAtomsWithinRadius serial:15 kd:15
findAtomsWithinRadius serial:38 kd:38
findAtomsWithinRadius serial:42 kd:42
findAtomsWithinRadius serial:38 kd:38
findAtomsWithinRadius serial:42 kd:42
findAtomsWithinRadius serial:47 kd:47
findAtomsWithinRadius serial:36 kd:36
findAtomsWithinRadius serial:41 kd:41
findAtomsWithinRadius serial:46 kd:46
findAtomsWithinRadius serial:41 kd:41
findAtomsWithinRadius serial:43 kd:43
findAtomsWithinRadius serial:41 kd:41
findAtomsWithinRadius serial:34 kd:34
findAtomsWithinRadius serial:42 kd:42
findAtomsWithinRadius serial:46 kd:46
findAtomsWithinRadius serial:47 kd:47
findAtomsWithinRadius serial:52 kd:52
findAtomsWithinRadius serial:48 kd:48
findAtomsWithinRadius serial:43 kd:43
findAtomsWithinRadius serial:41 kd:41
findAtomsWithinRadius serial:42 kd:42
findAtomsWithinRadius serial:39 kd:39
findAtomsWithinRadius serial:54 kd:54
findAtomsWithinRadius serial:49 kd:49
findAtomsWithinRadius serial:49 kd:49
findAtomsWithinRadius serial:47 kd:47
findAtomsWithinRadius serial:48 kd:48
findAtomsWithinRadius serial:51 kd:51
findAtomsWithinRadius serial:60 kd:60
findAtomsWithinRadius serial:45 kd:45
findAtomsWithinRadius serial:49 kd:49
findAtomsWithinRadius serial:50 kd:50
findAtomsWithinRadius serial:51 kd:51
findAtomsWithinRadius serial:48 kd:48
findAtomsWithinRadius serial:47 kd:47
findAtomsWithinRadius serial:43 kd:43
findAtomsWithinRadius serial:48 kd:48
findAtomsWithinRadius serial:46 kd:46
findAtomsWithinRadius serial:56 kd:56
findAtomsWithinRadius serial:56 kd:56
findAtomsWithinRadius serial:52 kd:52
findAtomsWithinRadius serial:46 kd:46
findAtomsWithinRadius serial:55 kd:55
findAtomsWithinRadius serial:50 kd:50
findAtomsWithinRadius serial:49 kd:49
findAtomsWithinRadius serial:43 kd:43
findAtomsWithinRadius serial:50 kd:50
findAtomsWithinRadius serial:39 kd:39
findAtomsWithinRadius serial:44 kd:44
findAtomsWithinRadius serial:52 kd:52
findAtomsWithinRadius serial:49 kd:49
findAtomsWithinRadius serial:52 kd:52
findAtomsWithinRadius serial:49 kd:49
findAtomsWithinRadius serial:52 kd:52
findAtomsWithinRadius serial:53 kd:53
findAtomsWithinRadius serial:55 kd:55
findAtomsWithinRadius serial:55 kd:55
findAtomsWithinRadius serial:54 kd:54
findAtomsWithinRadius serial:54 kd:54
findAtomsWithinRadius serial:47 kd:47
findAtomsWithinRadius serial:45 kd:45
findAtomsWithinRadius serial:43 kd:43
findAtomsWithinRadius serial:51 kd:51
findAtomsWithinRadius serial:53 kd:53
findAtomsWithinRadius serial:55 kd:55
findAtomsWithinRadius serial:49 kd:49
findAtomsWithinRadius serial:47 kd:47
findAtomsWithinRadius serial:37 kd:37
findAtomsWithinRadius serial:34 kd:34
findAtomsWithinRadius serial:30 kd:30
findAtomsWithinRadius serial:22 kd:22
findAtomsWithinRadius serial:47 kd:47
findAtomsWithinRadius serial:43 kd:43
findAtomsWithinRadius serial:37 kd:37
findAtomsWithinRadius serial:31 kd:31
findAtomsWithinRadius serial:37 kd:37
findAtomsWithinRadius serial:42 kd:42
findAtomsWithinRadius serial:51 kd:51
findAtomsWithinRadius serial:43 kd:43
findAtomsWithinRadius serial:51 kd:51
findAtomsWithinRadius serial:36 kd:36
findAtomsWithinRadius serial:28 kd:28
findAtomsWithinRadius serial:30 kd:30
findAtomsWithinRadius serial:26 kd:26
findAtomsWithinRadius serial:27 kd:27
findAtomsWithinRadius serial:28 kd:28
findAtomsWithinRadius serial:37 kd:37
findAtomsWithinRadius serial:26 kd:26
findAtomsWithinRadius serial:36 kd:36
findAtomsWithinRadius serial:40 kd:40
findAtomsWithinRadius serial:41 kd:41
findAtomsWithinRadius serial:40 kd:40
findAtomsWithinRadius serial:45 kd:45
findAtomsWithinRadius serial:35 kd:35
findAtomsWithinRadius serial:33 kd:33
findAtomsWithinRadius serial:25 kd:25
findAtomsWithinRadius serial:29 kd:29
findAtomsWithinRadius serial:24 kd:24
findAtomsWithinRadius serial:27 kd:27
findAtomsWithinRadius serial:23 kd:23
findAtomsWithinRadius serial:20 kd:20
findAtomsWithinRadius serial:24 kd:24
findAtomsWithinRadius serial:24 kd:24
findAtomsWithinRadius serial:27 kd:27
findAtomsWithinRadius serial:29 kd:29
findAtomsWithinRadius serial:38 kd:38
findAtomsWithinRadius serial:35 kd:35
findAtomsWithinRadius serial:29 kd:29
findAtomsWithinRadius serial:29 kd:29
findAtomsWithinRadius serial:20 kd:20
findAtomsWithinRadius serial:30 kd:30
findAtomsWithinRadius serial:44 kd:44
findAtomsWithinRadius serial:51 kd:51
findAtomsWithinRadius serial:40 kd:40
findAtomsWithinRadius serial:38 kd:38
findAtomsWithinRadius serial:56 kd:56
findAtomsWithinRadius serial:42 kd:42
findAtomsWithinRadius serial:41 kd:41
findAtomsWithinRadius serial:44 kd:44
findAtomsWithinRadius serial:49 kd:49
findAtomsWithinRadius serial:44 kd:44
findAtomsWithinRadius serial:40 kd:40
findAtomsWithinRadius serial:41 kd:41
findAtomsWithinRadius serial:41 kd:41
findAtomsWithinRadius serial:46 kd:46
findAtomsWithinRadius serial:43 kd:43
findAtomsWithinRadius serial:46 kd:46
findAtomsWithinRadius serial:51 kd:51
findAtomsWithinRadius serial:41 kd:41
findAtomsWithinRadius serial:31 kd:31
findAtomsWithinRadius serial:22 kd:22
findAtomsWithinRadius serial:16 kd:16
findAtomsWithinRadius serial:11 kd:11
findAtomsWithinRadius serial:43 kd:43
findAtomsWithinRadius serial:38 kd:38
findAtomsWithinRadius serial:44 kd:44
findAtomsWithinRadius serial:44 kd:44
findAtomsWithinRadius serial:39 kd:39
findAtomsWithinRadius serial:44 kd:44
findAtomsWithinRadius serial:36 kd:36
findAtomsWithinRadius serial:42 kd:42
findAtomsWithinRadius serial:44 kd:44
findAtomsWithinRadius serial:42 kd:42
findAtomsWithinRadius serial:41 kd:41
findAtomsWithinRadius serial:47 kd:47
findAtomsWithinRadius serial:43 kd:43
findAtomsWithinRadius serial:36 kd:36
findAtomsWithinRadius serial:37 kd:37
findAtomsWithinRadius serial:33 kd:33
findAtomsWithinRadius serial:27 kd:27
findAtomsWithinRadius serial:47 kd:47
findAtomsWithinRadius serial:46 kd:46
findAtomsWithinRadius serial:48 kd:48
findAtomsWithinRadius serial:39 kd:39
findAtomsWithinRadius serial:44 kd:44
findAtomsWithinRadius serial:37 kd:37
findAtomsWithinRadius serial:31 kd:31
findAtomsWithinRadius serial:32 kd:32
findAtomsWithinRadius serial:25 kd:25
findAtomsWithinRadius serial:45 kd:45
findAtomsWithinRadius serial:50 kd:50
findAtomsWithinRadius serial:49 kd:49
findAtomsWithinRadius serial:50 kd:50
findAtomsWithinRadius serial:49 kd:49
findAtomsWithinRadius serial:46 kd:46
findAtomsWithinRadius serial:43 kd:43
findAtomsWithinRadius serial:44 kd:44
findAtomsWithinRadius serial:48 kd:48
findAtomsWithinRadius serial:48 kd:48
findAtomsWithinRadius serial:50 kd:50
findAtomsWithinRadius serial:46 kd:46
findAtomsWithinRadius serial:44 kd:44
findAtomsWithinRadius serial:51 kd:51
findAtomsWithinRadius serial:46 kd:46
findAtomsWithinRadius serial:42 kd:42
findAtomsWithinRadius serial:44 kd:44
findAtomsWithinRadius serial:51 kd:51
findAtomsWithinRadius serial:40 kd:40
findAtomsWithinRadius serial:37 kd:37
findAtomsWithinRadius serial:34 kd:34
findAtomsWithinRadius serial:31 kd:31
findAtomsWithinRadius serial:31 kd:31
findAtomsWithinRadius serial:33 kd:33
findAtomsWithinRadius serial:32 kd:32
findAtomsWithinRadius serial:25 kd:25
findAtomsWithinRadius serial:38 kd:38
findAtomsWithinRadius serial:42 kd:42
findAtomsWithinRadius serial:45 kd:45
findAtomsWithinRadius serial:44 kd:44
findAtomsWithinRadius serial:37 kd:37
findAtomsWithinRadius serial:29 kd:29
findAtomsWithinRadius serial:29 kd:29
findAtomsWithinRadius serial:19 kd:19
findAtomsWithinRadius serial:10 kd:10
findAtomsWithinRadius serial:47 kd:47
findAtomsWithinRadius serial:50 kd:50
findAtomsWithinRadius serial:46 kd:46
findAtomsWithinRadius serial:45 kd:45
findAtomsWithinRadius serial:46 kd:46
findAtomsWithinRadius serial:42 kd:42
findAtomsWithinRadius serial:34 kd:34
findAtomsWithinRadius serial:42 kd:42
findAtomsWithinRadius serial:42 kd:42
findAtomsWithinRadius serial:46 kd:46
findAtomsWithinRadius serial:47 kd:47
findAtomsWithinRadius serial:41 kd:41
findAtomsWithinRadius serial:46 kd:46
findAtomsWithinRadius serial:47 kd:47
findAtomsWithinRadius serial:48 kd:48
findAtomsWithinRadius serial:45 kd:45
findAtomsWithinRadius serial:46 kd:46
findAtomsWithinRadius serial:43 kd:43
findAtomsWithinRadius serial:45 kd:45
findAtomsWithinRadius serial:41 kd:41
findAtomsWithinRadius serial:45 kd:45
findAtomsWithinRadius serial:42 kd:42
findAtomsWithinRadius serial:43 kd:43
findAtomsWithinRadius serial:40 kd:40
findAtomsWithinRadius serial:49 kd:49
findAtomsWithinRadius serial:48 kd:48
findAtomsWithinRadius serial:49 kd:49
findAtomsWithinRadius serial:37 kd:37
findAtomsWithinRadius serial:33 kd:33
findAtomsWithinRadius serial:35 kd:35
findAtomsWithinRadius serial:29 kd:29
findAtomsWithinRadius serial:29 kd:29
findAtomsWithinRadius serial:22 kd:22
findAtomsWithinRadius serial:16 kd:16
findAtomsWithinRadius serial:13 kd:13
findAtomsWithinRadius serial:9 kd:9
findAtomsWithinRadius serial:42 kd:42
findAtomsWithinRadius serial:40 kd:40
findAtomsWithinRadius serial:37 kd:37
findAtomsWithinRadius serial:39 kd:39
findAtomsWithinRadius serial:42 kd:42
findAtomsWithinRadius serial:41 kd:41
findAtomsWithinRadius serial:38 kd:38
findAtomsWithinRadius serial:44 kd:44
findAtomsWithinRadius serial:30 kd:30
findAtomsWithinRadius serial:32 kd:32
findAtomsWithinRadius serial:33 kd:33
findAtomsWithinRadius serial:28 kd:28
findAtomsWithinRadius serial:30 kd:30
findAtomsWithinRadius serial:28 kd:28
findAtomsWithinRadius serial:35 kd:35
findAtomsWithinRadius serial:39 kd:39
findAtomsWithinRadius serial:41 kd:41
findAtomsWithinRadius serial:32 kd:32
findAtomsWithinRadius serial:27 kd:27
findAtomsWithinRadius serial:27 kd:27
findAtomsWithinRadius serial:22 kd:22
findAtomsWithinRadius serial:21 kd:21
findAtomsWithinRadius serial:18 kd:18
findAtomsWithinRadius serial:16 kd:16
findAtomsWithinRadius serial:18 kd:18
findAtomsWithinRadius serial:34 kd:34
findAtomsWithinRadius serial:30 kd:30
findAtomsWithinRadius serial:38 kd:38
findAtomsWithinRadius serial:40 kd:40
findAtomsWithinRadius serial:40 kd:40
findAtomsWithinRadius serial:33 kd:33
findAtomsWithinRadius serial:28 kd:28
findAtomsWithinRadius serial:37 kd:37
findAtomsWithinRadius serial:38 kd:38
findAtomsWithinRadius serial:42 kd:42
findAtomsWithinRadius serial:41 kd:41
findAtomsWithinRadius serial:44 kd:44
findAtomsWithinRadius serial:46 kd:46
findAtomsWithinRadius serial:35 kd:35
findAtomsWithinRadius serial:32 kd:32
findAtomsWithinRadius serial:33 kd:33
findAtomsWithinRadius serial:30 kd:30
findAtomsWithinRadius serial:45 kd:45
findAtomsWithinRadius serial:50 kd:50
findAtomsWithinRadius serial:52 kd:52
findAtomsWithinRadius serial:46 kd:46
findAtomsWithinRadius serial:46 kd:46
findAtomsWithinRadius serial:46 kd:46
findAtomsWithinRadius serial:46 kd:46
findAtomsWithinRadius serial:42 kd:42
findAtomsWithinRadius serial:45 kd:45
findAtomsWithinRadius serial:46 kd:46
findAtomsWithinRadius serial:39 kd:39
findAtomsWithinRadius serial:46 kd:46
findAtomsWithinRadius serial:36 kd:36
findAtomsWithinRadius serial:59 kd:59
findAtomsWithinRadius serial:51 kd:51
findAtomsWithinRadius serial:54 kd:54
findAtomsWithinRadius serial:54 kd:54
findAtomsWithinRadius serial:47 kd:47
findAtomsWithinRadius serial:44 kd:44
findAtomsWithinRadius serial:51 kd:51
findAtomsWithinRadius serial:50 kd:50
findAtomsWithinRadius serial:49 kd:49
findAtomsWithinRadius serial:46 kd:46
findAtomsWithinRadius serial:46 kd:46
findAtomsWithinRadius serial:47 kd:47
findAtomsWithinRadius serial:50 kd:50
findAtomsWithinRadius serial:52 kd:52
findAtomsWithinRadius serial:47 kd:47
findAtomsWithinRadius serial:44 kd:44
findAtomsWithinRadius serial:42 kd:42
findAtomsWithinRadius serial:32 kd:32
findAtomsWithinRadius serial:57 kd:57
findAtomsWithinRadius serial:54 kd:54
findAtomsWithinRadius serial:52 kd:52
findAtomsWithinRadius serial:50 kd:50
findAtomsWithinRadius serial:59 kd:59
findAtomsWithinRadius serial:55 kd:55
findAtomsWithinRadius serial:45 kd:45
findAtomsWithinRadius serial:44 kd:44
findAtomsWithinRadius serial:48 kd:48
findAtomsWithinRadius serial:46 kd:46
findAtomsWithinRadius serial:50 kd:50
findAtomsWithinRadius serial:45 kd:45
findAtomsWithinRadius serial:37 kd:37
findAtomsWithinRadius serial:39 kd:39
findAtomsWithinRadius serial:34 kd:34
findAtomsWithinRadius serial:37 kd:37
findAtomsWithinRadius serial:56 kd:56
findAtomsWithinRadius serial:55 kd:55
findAtomsWithinRadius serial:48 kd:48
findAtomsWithinRadius serial:49 kd:49
findAtomsWithinRadius serial:60 kd:60
findAtomsWithinRadius serial:57 kd:57
findAtomsWithinRadius serial:53 kd:53
findAtomsWithinRadius serial:55 kd:55
findAtomsWithinRadius serial:47 kd:47
findAtomsWithinRadius serial:48 kd:48
findAtomsWithinRadius serial:50 kd:50
findAtomsWithinRadius serial:42 kd:42
findAtomsWithinRadius serial:48 kd:48
findAtomsWithinRadius serial:50 kd:50
findAtomsWithinRadius serial:47 kd:47
findAtomsWithinRadius serial:49 kd:49
findAtomsWithinRadius serial:47 kd:47
findAtomsWithinRadius serial:35 kd:35
findAtomsWithinRadius serial:36 kd:36
findAtomsWithinRadius serial:37 kd:37
findAtomsWithinRadius serial:32 kd:32
findAtomsWithinRadius serial:27 kd:27
findAtomsWithinRadius serial:29 kd:29
findAtomsWithinRadius serial:22 kd:22
findAtomsWithinRadius serial:34 kd:34
findAtomsWithinRadius serial:35 kd:35
findAtomsWithinRadius serial:37 kd:37
findAtomsWithinRadius serial:27 kd:27
findAtomsWithinRadius serial:31 kd:31
findAtomsWithinRadius serial:34 kd:34
findAtomsWithinRadius serial:43 kd:43
findAtomsWithinRadius serial:42 kd:42
findAtomsWithinRadius serial:44 kd:44
findAtomsWithinRadius serial:39 kd:39
findAtomsWithinRadius serial:41 kd:41
findAtomsWithinRadius serial:36 kd:36
findAtomsWithinRadius serial:44 kd:44
findAtomsWithinRadius serial:43 kd:43
findAtomsWithinRadius serial:29 kd:29
findAtomsWithinRadius serial:24 kd:24
findAtomsWithinRadius serial:19 kd:19
findAtomsWithinRadius serial:19 kd:19
findAtomsWithinRadius serial:39 kd:39
findAtomsWithinRadius serial:48 kd:48
findAtomsWithinRadius serial:49 kd:49
findAtomsWithinRadius serial:51 kd:51
findAtomsWithinRadius serial:49 kd:49
findAtomsWithinRadius serial:50 kd:50
findAtomsWithinRadius serial:52 kd:52
findAtomsWithinRadius serial:47 kd:47
findAtomsWithinRadius serial:47 kd:47
findAtomsWithinRadius serial:50 kd:50
findAtomsWithinRadius serial:49 kd:49
findAtomsWithinRadius serial:50 kd:50
findAtomsWithinRadius serial:48 kd:48
findAtomsWithinRadius serial:49 kd:49
findAtomsWithinRadius serial:47 kd:47
findAtomsWithinRadius serial:47 kd:47
findAtomsWithinRadius serial:41 kd:41
findAtomsWithinRadius serial:29 kd:29
findAtomsWithinRadius serial:28 kd:28
findAtomsWithinRadius serial:27 kd:27
findAtomsWithinRadius serial:31 kd:31
findAtomsWithinRadius serial:21 kd:21
findAtomsWithinRadius serial:24 kd:24
findAtomsWithinRadius serial:44 kd:44
findAtomsWithinRadius serial:40 kd:40
findAtomsWithinRadius serial:46 kd:46
findAtomsWithinRadius serial:46 kd:46
findAtomsWithinRadius serial:34 kd:34
findAtomsWithinRadius serial:26 kd:26
findAtomsWithinRadius serial:28 kd:28
findAtomsWithinRadius serial:35 kd:35
findAtomsWithinRadius serial:20 kd:20
findAtomsWithinRadius serial:52 kd:52
findAtomsWithinRadius serial:54 kd:54
findAtomsWithinRadius serial:54 kd:54
findAtomsWithinRadius serial:49 kd:49
findAtomsWithinRadius serial:49 kd:49
findAtomsWithinRadius serial:49 kd:49
findAtomsWithinRadius serial:50 kd:50
findAtomsWithinRadius serial:51 kd:51
findAtomsWithinRadius serial:50 kd:50
findAtomsWithinRadius serial:41 kd:41
findAtomsWithinRadius serial:42 kd:42
findAtomsWithinRadius serial:34 kd:34
findAtomsWithinRadius serial:52 kd:52
findAtomsWithinRadius serial:47 kd:47
findAtomsWithinRadius serial:46 kd:46
findAtomsWithinRadius serial:41 kd:41
findAtomsWithinRadius serial:41 kd:41
findAtomsWithinRadius serial:38 kd:38
findAtomsWithinRadius serial:29 kd:29
findAtomsWithinRadius serial:51 kd:51
findAtomsWithinRadius serial:53 kd:53
findAtomsWithinRadius serial:56 kd:56
findAtomsWithinRadius serial:48 kd:48
findAtomsWithinRadius serial:53 kd:53
findAtomsWithinRadius serial:43 kd:43
findAtomsWithinRadius serial:37 kd:37
findAtomsWithinRadius serial:50 kd:50
findAtomsWithinRadius serial:40 kd:40
findAtomsWithinRadius serial:47 kd:47
findAtomsWithinRadius serial:54 kd:54
findAtomsWithinRadius serial:50 kd:50
findAtomsWithinRadius serial:59 kd:59
findAtomsWithinRadius serial:56 kd:56
findAtomsWithinRadius serial:52 kd:52
findAtomsWithinRadius serial:51 kd:51
findAtomsWithinRadius serial:42 kd:42
findAtomsWithinRadius serial:48 kd:48
findAtomsWithinRadius serial:45 kd:45
findAtomsWithinRadius serial:43 kd:43
findAtomsWithinRadius serial:47 kd:47
findAtomsWithinRadius serial:47 kd:47
findAtomsWithinRadius serial:39 kd:39
findAtomsWithinRadius serial:34 kd:34
findAtomsWithinRadius serial:27 kd:27
findAtomsWithinRadius serial:43 kd:43
findAtomsWithinRadius serial:42 kd:42
findAtomsWithinRadius serial:51 kd:51
findAtomsWithinRadius serial:35 kd:35
findAtomsWithinRadius serial:31 kd:31
findAtomsWithinRadius serial:28 kd:28
findAtomsWithinRadius serial:22 kd:22
findAtomsWithinRadius serial:35 kd:35
findAtomsWithinRadius serial:27 kd:27
findAtomsWithinRadius serial:33 kd:33
findAtomsWithinRadius serial:31 kd:31
findAtomsWithinRadius serial:29 kd:29
findAtomsWithinRadius serial:22 kd:22
findAtomsWithinRadius serial:39 kd:39
findAtomsWithinRadius serial:36 kd:36
findAtomsWithinRadius serial:28 kd:28
findAtomsWithinRadius serial:41 kd:41
findAtomsWithinRadius serial:26 kd:26
findAtomsWithinRadius serial:25 kd:25
findAtomsWithinRadius serial:33 kd:33
findAtomsWithinRadius serial:35 kd:35
findAtomsWithinRadius serial:22 kd:22
findAtomsWithinRadius serial:15 kd:15
findAtomsWithinRadius serial:12 kd:12
findAtomsWithinRadius serial:22 kd:22
findAtomsWithinRadius serial:28 kd:28
findAtomsWithinRadius serial:32 kd:32
findAtomsWithinRadius serial:34 kd:34
findAtomsWithinRadius serial:29 kd:29
findAtomsWithinRadius serial:28 kd:28
findAtomsWithinRadius serial:24 kd:24
findAtomsWithinRadius serial:19 kd:19
findAtomsWithinRadius serial:15 kd:15
findAtomsWithinRadius serial:11 kd:11
findAtomsWithinRadius serial:38 kd:38
findAtomsWithinRadius serial:40 kd:40
findAtomsWithinRadius serial:45 kd:45
findAtomsWithinRadius serial:44 kd:44
findAtomsWithinRadius serial:42 kd:42
findAtomsWithinRadius serial:37 kd:37
findAtomsWithinRadius serial:36 kd:36
findAtomsWithinRadius serial:28 kd:28
findAtomsWithinRadius serial:44 kd:44
findAtomsWithinRadius serial:51 kd:51
findAtomsWithinRadius serial:52 kd:52
findAtomsWithinRadius serial:48 kd:48
findAtomsWithinRadius serial:47 kd:47
findAtomsWithinRadius serial:43 kd:43
findAtomsWithinRadius serial:39 kd:39
findAtomsWithinRadius serial:45 kd:45
findAtomsWithinRadius serial:50 kd:50
findAtomsWithinRadius serial:56 kd:56
findAtomsWithinRadius serial:49 kd:49
findAtomsWithinRadius serial:56 kd:56
findAtomsWithinRadius serial:51 kd:51
findAtomsWithinRadius serial:49 kd:49
findAtomsWithinRadius serial:46 kd:46
findAtomsWithinRadius serial:45 kd:45
findAtomsWithinRadius serial:47 kd:47
findAtomsWithinRadius serial:51 kd:51
findAtomsWithinRadius serial:49 kd:49
findAtomsWithinRadius serial:48 kd:48
findAtomsWithinRadius serial:47 kd:47
findAtomsWithinRadius serial:49 kd:49
findAtomsWithinRadius serial:44 kd:44
findAtomsWithinRadius serial:47 kd:47
findAtomsWithinRadius serial:42 kd:42
findAtomsWithinRadius serial:53 kd:53
findAtomsWithinRadius serial:54 kd:54
findAtomsWithinRadius serial:52 kd:52
findAtomsWithinRadius serial:46 kd:46
findAtomsWithinRadius serial:51 kd:51
findAtomsWithinRadius serial:48 kd:48
findAtomsWithinRadius serial:46 kd:46
findAtomsWithinRadius serial:50 kd:50
findAtomsWithinRadius serial:49 kd:49
findAtomsWithinRadius serial:50 kd:50
findAtomsWithinRadius serial:51 kd:51
findAtomsWithinRadius serial:50 kd:50
findAtomsWithinRadius serial:48 kd:48
findAtomsWithinRadius serial:44 kd:44
findAtomsWithinRadius serial:44 kd:44
findAtomsWithinRadius serial:47 kd:47
findAtomsWithinRadius serial:48 kd:48
findAtomsWithinRadius serial:44 kd:44
findAtomsWithinRadius serial:42 kd:42
findAtomsWithinRadius serial:46 kd:46
findAtomsWithinRadius serial:39 kd:39
findAtomsWithinRadius serial:37 kd:37
findAtomsWithinRadius serial:41 kd:41
findAtomsWithinRadius serial:40 kd:40
findAtomsWithinRadius serial:37 kd:37
findAtomsWithinRadius serial:42 kd:42
findAtomsWithinRadius serial:38 kd:38
findAtomsWithinRadius serial:42 kd:42
findAtomsWithinRadius serial:41 kd:41
findAtomsWithinRadius serial:37 kd:37
findAtomsWithinRadius serial:31 kd:31
findAtomsWithinRadius serial:32 kd:32
findAtomsWithinRadius serial:35 kd:35
findAtomsWithinRadius serial:30 kd:30
findAtomsWithinRadius serial:38 kd:38
findAtomsWithinRadius serial:25 kd:25
findAtomsWithinRadius serial:24 kd:24
findAtomsWithinRadius serial:26 kd:26
findAtomsWithinRadius serial:28 kd:28
findAtomsWithinRadius serial:26 kd:26
findAtomsWithinRadius serial:24 kd:24
findAtomsWithinRadius serial:34 kd:34
findAtomsWithinRadius serial:45 kd:45
findAtomsWithinRadius serial:44 kd:44
findAtomsWithinRadius serial:47 kd:47
findAtomsWithinRadius serial:48 kd:48
findAtomsWithinRadius serial:34 kd:34
findAtomsWithinRadius serial:41 kd:41
findAtomsWithinRadius serial:42 kd:42
findAtomsWithinRadius serial:43 kd:43
findAtomsWithinRadius serial:43 kd:43
findAtomsWithinRadius serial:47 kd:47
findAtomsWithinRadius serial:44 kd:44
findAtomsWithinRadius serial:48 kd:48
findAtomsWithinRadius serial:44 kd:44
findAtomsWithinRadius serial:48 kd:48
findAtomsWithinRadius serial:51 kd:51
findAtomsWithinRadius serial:50 kd:50
findAtomsWithinRadius serial:48 kd:48
findAtomsWithinRadius serial:42 kd:42
findAtomsWithinRadius serial:45 kd:45
findAtomsWithinRadius serial:47 kd:47
findAtomsWithinRadius serial:46 kd:46
findAtomsWithinRadius serial:37 kd:37
findAtomsWithinRadius serial:36 kd:36
findAtomsWithinRadius serial:36 kd:36
findAtomsWithinRadius serial:43 kd:43
findAtomsWithinRadius serial:49 kd:49
findAtomsWithinRadius serial:50 kd:50
findAtomsWithinRadius serial:52 kd:52
findAtomsWithinRadius serial:39 kd:39
findAtomsWithinRadius serial:29 kd:29
findAtomsWithinRadius serial:36 kd:36
findAtomsWithinRadius serial:45 kd:45
findAtomsWithinRadius serial:51 kd:51
findAtomsWithinRadius serial:52 kd:52
findAtomsWithinRadius serial:46 kd:46
findAtomsWithinRadius serial:44 kd:44
findAtomsWithinRadius serial:48 kd:48
findAtomsWithinRadius serial:38 kd:38
findAtomsWithinRadius serial:47 kd:47
findAtomsWithinRadius serial:47 kd:47
findAtomsWithinRadius serial:50 kd:50
findAtomsWithinRadius serial:53 kd:53
findAtomsWithinRadius serial:50 kd:50
findAtomsWithinRadius serial:51 kd:51
findAtomsWithinRadius serial:49 kd:49
findAtomsWithinRadius serial:47 kd:47
findAtomsWithinRadius serial:55 kd:55
findAtomsWithinRadius serial:49 kd:49
findAtomsWithinRadius serial:52 kd:52
findAtomsWithinRadius serial:58 kd:58
findAtomsWithinRadius serial:55 kd:55
findAtomsWithinRadius serial:46 kd:46
findAtomsWithinRadius serial:38 kd:38
findAtomsWithinRadius serial:37 kd:37
findAtomsWithinRadius serial:40 kd:40
findAtomsWithinRadius serial:30 kd:30
findAtomsWithinRadius serial:32 kd:32
findAtomsWithinRadius serial:35 kd:35
findAtomsWithinRadius serial:59 kd:59
findAtomsWithinRadius serial:50 kd:50
findAtomsWithinRadius serial:51 kd:51
findAtomsWithinRadius serial:45 kd:45
findAtomsWithinRadius serial:55 kd:55
findAtomsWithinRadius serial:50 kd:50
findAtomsWithinRadius serial:41 kd:41
findAtomsWithinRadius serial:38 kd:38
findAtomsWithinRadius serial:29 kd:29
findAtomsWithinRadius serial:46 kd:46
findAtomsWithinRadius serial:39 kd:39
findAtomsWithinRadius serial:39 kd:39
findAtomsWithinRadius serial:34 kd:34
findAtomsWithinRadius serial:41 kd:41
findAtomsWithinRadius serial:46 kd:46
findAtomsWithinRadius serial:36 kd:36
findAtomsWithinRadius serial:38 kd:38
findAtomsWithinRadius serial:44 kd:44
findAtomsWithinRadius serial:43 kd:43
findAtomsWithinRadius serial:35 kd:35
findAtomsWithinRadius serial:27 kd:27
findAtomsWithinRadius serial:49 kd:49
findAtomsWithinRadius serial:38 kd:38
findAtomsWithinRadius serial:35 kd:35
findAtomsWithinRadius serial:31 kd:31
findAtomsWithinRadius serial:36 kd:36
findAtomsWithinRadius serial:39 kd:39
findAtomsWithinRadius serial:35 kd:35
findAtomsWithinRadius serial:33 kd:33
findAtomsWithinRadius serial:26 kd:26
findAtomsWithinRadius serial:34 kd:34
findAtomsWithinRadius serial:24 kd:24
findAtomsWithinRadius serial:26 kd:26
findAtomsWithinRadius serial:19 kd:19
findAtomsWithinRadius serial:37 kd:37
findAtomsWithinRadius serial:35 kd:35
findAtomsWithinRadius serial:31 kd:31
findAtomsWithinRadius serial:24 kd:24
findAtomsWithinRadius serial:37 kd:37
findAtomsWithinRadius serial:36 kd:36
findAtomsWithinRadius serial:40 kd:40
findAtomsWithinRadius serial:48 kd:48
findAtomsWithinRadius serial:29 kd:29
findAtomsWithinRadius serial:27 kd:27
findAtomsWithinRadius serial:20 kd:20
findAtomsWithinRadius serial:15 kd:15
findAtomsWithinRadius serial:19 kd:19
findAtomsWithinRadius serial:38 kd:38
findAtomsWithinRadius serial:38 kd:38
findAtomsWithinRadius serial:26 kd:26
findAtomsWithinRadius serial:24 kd:24
findAtomsWithinRadius serial:32 kd:32
findAtomsWithinRadius serial:31 kd:31
findAtomsWithinRadius serial:33 kd:33
findAtomsWithinRadius serial:26 kd:26
findAtomsWithinRadius serial:26 kd:26
findAtomsWithinRadius serial:30 kd:30
findAtomsWithinRadius serial:27 kd:27
findAtomsWithinRadius serial:30 kd:30
findAtomsWithinRadius serial:35 kd:35
findAtomsWithinRadius serial:23 kd:23
findAtomsWithinRadius serial:24 kd:24
findAtomsWithinRadius serial:22 kd:22
findAtomsWithinRadius serial:22 kd:22
findAtomsWithinRadius serial:17 kd:17
findAtomsWithinRadius serial:17 kd:17
findAtomsWithinRadius serial:13 kd:13
findAtomsWithinRadius serial:25 kd:25
findAtomsWithinRadius serial:27 kd:27
findAtomsWithinRadius serial:25 kd:25
findAtomsWithinRadius serial:21 kd:21
findAtomsWithinRadius serial:32 kd:32
findAtomsWithinRadius serial:27 kd:27
findAtomsWithinRadius serial:35 kd:35
findAtomsWithinRadius serial:27 kd:27
findAtomsWithinRadius serial:24 kd:24
findAtomsWithinRadius serial:26 kd:26
findAtomsWithinRadius serial:32 kd:32
findAtomsWithinRadius serial:21 kd:21
findAtomsWithinRadius serial:20 kd:20
findAtomsWithinRadius serial:18 kd:18
findAtomsWithinRadius serial:14 kd:14
findAtomsWithinRadius serial:25 kd:25
findAtomsWithinRadius serial:25 kd:25
findAtomsWithinRadius serial:27 kd:27
findAtomsWithinRadius serial:29 kd:29
findAtomsWithinRadius serial:25 kd:25
findAtomsWithinRadius serial:18 kd:18
findAtomsWithinRadius serial:18 kd:18
findAtomsWithinRadius serial:32 kd:32
findAtomsWithinRadius serial:30 kd:30
findAtomsWithinRadius serial:33 kd:33
findAtomsWithinRadius serial:36 kd:36
findAtomsWithinRadius serial:44 kd:44
findAtomsWithinRadius serial:31 kd:31
findAtomsWithinRadius serial:42 kd:42
findAtomsWithinRadius serial:27 kd:27
findAtomsWithinRadius serial:24 kd:24
findAtomsWithinRadius serial:26 kd:26
findAtomsWithinRadius serial:23 kd:23
findAtomsWithinRadius serial:19 kd:19
findAtomsWithinRadius serial:15 kd:15
findAtomsWithinRadius serial:17 kd:17
findAtomsWithinRadius serial:29 kd:29
findAtomsWithinRadius serial:30 kd:30
findAtomsWithinRadius serial:38 kd:38
findAtomsWithinRadius serial:40 kd:40
findAtomsWithinRadius serial:44 kd:44
findAtomsWithinRadius serial:45 kd:45
findAtomsWithinRadius serial:39 kd:39
findAtomsWithinRadius serial:31 kd:31
findAtomsWithinRadius serial:44 kd:44
findAtomsWithinRadius serial:38 kd:38
findAtomsWithinRadius serial:39 kd:39
findAtomsWithinRadius serial:45 kd:45
findAtomsWithinRadius serial:41 kd:41
findAtomsWithinRadius serial:41 kd:41
findAtomsWithinRadius serial:43 kd:43
findAtomsWithinRadius serial:41 kd:41
findAtomsWithinRadius serial:40 kd:40
findAtomsWithinRadius serial:49 kd:49
findAtomsWithinRadius serial:50 kd:50
findAtomsWithinRadius serial:40 kd:40
findAtomsWithinRadius serial:33 kd:33
findAtomsWithinRadius serial:32 kd:32
findAtomsWithinRadius serial:25 kd:25
findAtomsWithinRadius serial:48 kd:48
findAtomsWithinRadius serial:50 kd:50
findAtomsWithinRadius serial:38 kd:38
findAtomsWithinRadius serial:32 kd:32
findAtomsWithinRadius serial:47 kd:47
findAtomsWithinRadius serial:41 kd:41
findAtomsWithinRadius serial:50 kd:50
findAtomsWithinRadius serial:40 kd:40
findAtomsWithinRadius serial:44 kd:44
findAtomsWithinRadius serial:50 kd:50
findAtomsWithinRadius serial:48 kd:48
findAtomsWithinRadius serial:41 kd:41
findAtomsWithinRadius serial:38 kd:38
findAtomsWithinRadius serial:29 kd:29
findAtomsWithinRadius serial:30 kd:30
findAtomsWithinRadius serial:29 kd:29
findAtomsWithinRadius serial:48 kd:48
findAtomsWithinRadius serial:50 kd:50
findAtomsWithinRadius serial:45 kd:45
findAtomsWithinRadius serial:38 kd:38
findAtomsWithinRadius serial:54 kd:54
findAtomsWithinRadius serial:50 kd:50
findAtomsWithinRadius serial:51 kd:51
findAtomsWithinRadius serial:45 kd:45
findAtomsWithinRadius serial:40 kd:40
findAtomsWithinRadius serial:41 kd:41
findAtomsWithinRadius serial:44 kd:44
findAtomsWithinRadius serial:43 kd:43
findAtomsWithinRadius serial:37 kd:37
findAtomsWithinRadius serial:39 kd:39
findAtomsWithinRadius serial:39 kd:39
findAtomsWithinRadius serial:37 kd:37
findAtomsWithinRadius serial:33 kd:33
findAtomsWithinRadius serial:24 kd:24
findAtomsWithinRadius serial:36 kd:36
findAtomsWithinRadius serial:32 kd:32
findAtomsWithinRadius serial:32 kd:32
findAtomsWithinRadius serial:41 kd:41
findAtomsWithinRadius serial:37 kd:37
findAtomsWithinRadius serial:39 kd:39
findAtomsWithinRadius serial:46 kd:46
findAtomsWithinRadius serial:39 kd:39
findAtomsWithinRadius serial:36 kd:36
findAtomsWithinRadius serial:30 kd:30
findAtomsWithinRadius serial:43 kd:43
findAtomsWithinRadius serial:30 kd:30
findAtomsWithinRadius serial:41 kd:41
findAtomsWithinRadius serial:33 kd:33
findAtomsWithinRadius serial:35 kd:35
findAtomsWithinRadius serial:34 kd:34
findAtomsWithinRadius serial:31 kd:31
findAtomsWithinRadius serial:30 kd:30
findAtomsWithinRadius serial:31 kd:31
findAtomsWithinRadius serial:26 kd:26
findAtomsWithinRadius serial:31 kd:31
findAtomsWithinRadius serial:30 kd:30
findAtomsWithinRadius serial:20 kd:20
findAtomsWithinRadius serial:27 kd:27
findAtomsWithinRadius serial:26 kd:26
findAtomsWithinRadius serial:35 kd:35
findAtomsWithinRadius serial:31 kd:31
findAtomsWithinRadius serial:20 kd:20
findAtomsWithinRadius serial:15 kd:15
findAtomsWithinRadius serial:13 kd:13
findAtomsWithinRadius serial:14 kd:14
findAtomsWithinRadius serial:40 kd:40
findAtomsWithinRadius serial:51 kd:51
findAtomsWithinRadius serial:51 kd:51
findAtomsWithinRadius serial:48 kd:48
findAtomsWithinRadius serial:46 kd:46
findAtomsWithinRadius serial:44 kd:44
findAtomsWithinRadius serial:47 kd:47
findAtomsWithinRadius serial:48 kd:48
findAtomsWithinRadius serial:49 kd:49
findAtomsWithinRadius serial:57 kd:57
findAtomsWithinRadius serial:45 kd:45
findAtomsWithinRadius serial:46 kd:46
findAtomsWithinRadius serial:44 kd:44
findAtomsWithinRadius serial:33 kd:33
findAtomsWithinRadius serial:31 kd:31
findAtomsWithinRadius serial:37 kd:37
findAtomsWithinRadius serial:54 kd:54
findAtomsWithinRadius serial:53 kd:53
findAtomsWithinRadius serial:52 kd:52
findAtomsWithinRadius serial:46 kd:46
findAtomsWithinRadius serial:47 kd:47
findAtomsWithinRadius serial:44 kd:44
findAtomsWithinRadius serial:49 kd:49
findAtomsWithinRadius serial:43 kd:43
findAtomsWithinRadius serial:44 kd:44
findAtomsWithinRadius serial:44 kd:44
findAtomsWithinRadius serial:49 kd:49
findAtomsWithinRadius serial:50 kd:50
findAtomsWithinRadius serial:52 kd:52
findAtomsWithinRadius serial:50 kd:50
findAtomsWithinRadius serial:51 kd:51
findAtomsWithinRadius serial:51 kd:51
findAtomsWithinRadius serial:45 kd:45
findAtomsWithinRadius serial:44 kd:44
findAtomsWithinRadius serial:45 kd:45
findAtomsWithinRadius serial:53 kd:53
findAtomsWithinRadius serial:46 kd:46
findAtomsWithinRadius serial:51 kd:51
findAtomsWithinRadius serial:48 kd:48
findAtomsWithinRadius serial:43 kd:43
findAtomsWithinRadius serial:40 kd:40
findAtomsWithinRadius serial:38 kd:38
findAtomsWithinRadius serial:51 kd:51
findAtomsWithinRadius serial:53 kd:53
findAtomsWithinRadius serial:54 kd:54
findAtomsWithinRadius serial:46 kd:46
findAtomsWithinRadius serial:49 kd:49
findAtomsWithinRadius serial:45 kd:45
findAtomsWithinRadius serial:46 kd:46
findAtomsWithinRadius serial:46 kd:46
findAtomsWithinRadius serial:44 kd:44
findAtomsWithinRadius serial:43 kd:43
findAtomsWithinRadius serial:46 kd:46
findAtomsWithinRadius serial:45 kd:45
findAtomsWithinRadius serial:41 kd:41
findAtomsWithinRadius serial:54 kd:54
findAtomsWithinRadius serial:49 kd:49
findAtomsWithinRadius serial:49 kd:49
findAtomsWithinRadius serial:46 kd:46
findAtomsWithinRadius serial:56 kd:56
findAtomsWithinRadius serial:50 kd:50
findAtomsWithinRadius serial:48 kd:48
findAtomsWithinRadius serial:47 kd:47
findAtomsWithinRadius serial:45 kd:45
findAtomsWithinRadius serial:42 kd:42
findAtomsWithinRadius serial:41 kd:41
findAtomsWithinRadius serial:44 kd:44
findAtomsWithinRadius serial:46 kd:46
findAtomsWithinRadius serial:44 kd:44
findAtomsWithinRadius serial:47 kd:47
findAtomsWithinRadius serial:45 kd:45
findAtomsWithinRadius serial:43 kd:43
findAtomsWithinRadius serial:43 kd:43
findAtomsWithinRadius serial:44 kd:44
findAtomsWithinRadius serial:41 kd:41
findAtomsWithinRadius serial:49 kd:49
findAtomsWithinRadius serial:50 kd:50
findAtomsWithinRadius serial:49 kd:49
findAtomsWithinRadius serial:49 kd:49
findAtomsWithinRadius serial:42 kd:42
findAtomsWithinRadius serial:48 kd:48
findAtomsWithinRadius serial:48 kd:48
findAtomsWithinRadius serial:37 kd:37
findAtomsWithinRadius serial:29 kd:29
findAtomsWithinRadius serial:25 kd:25
findAtomsWithinRadius serial:19 kd:19
findAtomsWithinRadius serial:40 kd:40
findAtomsWithinRadius serial:36 kd:36
findAtomsWithinRadius serial:38 kd:38
findAtomsWithinRadius serial:38 kd:38
findAtomsWithinRadius serial:26 kd:26
findAtomsWithinRadius serial:20 kd:20
findAtomsWithinRadius serial:23 kd:23
findAtomsWithinRadius serial:17 kd:17
findAtomsWithinRadius serial:34 kd:34
findAtomsWithinRadius serial:28 kd:28
findAtomsWithinRadius serial:33 kd:33
findAtomsWithinRadius serial:33 kd:33
findAtomsWithinRadius serial:27 kd:27
findAtomsWithinRadius serial:16 kd:16
findAtomsWithinRadius serial:12 kd:12
findAtomsWithinRadius serial:8 kd:8
findAtomsWithinRadius serial:5 kd:5
findAtomsWithinRadius serial:39 kd:39
findAtomsWithinRadius serial:43 kd:43
findAtomsWithinRadius serial:51 kd:51
findAtomsWithinRadius serial:46 kd:46
findAtomsWithinRadius serial:38 kd:38
findAtomsWithinRadius serial:43 kd:43
findAtomsWithinRadius serial:26 kd:26
findAtomsWithinRadius serial:39 kd:39
findAtomsWithinRadius serial:54 kd:54
findAtomsWithinRadius serial:53 kd:53
findAtomsWithinRadius serial:45 kd:45
findAtomsWithinRadius serial:39 kd:39
findAtomsWithinRadius serial:52 kd:52
findAtomsWithinRadius serial:49 kd:49
findAtomsWithinRadius serial:46 kd:46
findAtomsWithinRadius serial:45 kd:45
findAtomsWithinRadius serial:39 kd:39
findAtomsWithinRadius serial:36 kd:36
findAtomsWithinRadius serial:29 kd:29
findAtomsWithinRadius serial:39 kd:39
findAtomsWithinRadius serial:39 kd:39
findAtomsWithinRadius serial:26 kd:26
findAtomsWithinRadius serial:24 kd:24
findAtomsWithinRadius serial:34 kd:34
findAtomsWithinRadius serial:39 kd:39
findAtomsWithinRadius serial:46 kd:46
findAtomsWithinRadius serial:50 kd:50
findAtomsWithinRadius serial:50 kd:50
findAtomsWithinRadius serial:42 kd:42
findAtomsWithinRadius serial:39 kd:39
findAtomsWithinRadius serial:32 kd:32
findAtomsWithinRadius serial:37 kd:37
findAtomsWithinRadius serial:48 kd:48
findAtomsWithinRadius serial:50 kd:50
findAtomsWithinRadius serial:53 kd:53
findAtomsWithinRadius serial:49 kd:49
findAtomsWithinRadius serial:48 kd:48
findAtomsWithinRadius serial:44 kd:44
findAtomsWithinRadius serial:47 kd:47
findAtomsWithinRadius serial:41 kd:41
findAtomsWithinRadius serial:48 kd:48
findAtomsWithinRadius serial:47 kd:47
findAtomsWithinRadius serial:38 kd:38
findAtomsWithinRadius serial:51 kd:51
findAtomsWithinRadius serial:43 kd:43
findAtomsWithinRadius serial:47 kd:47
findAtomsWithinRadius serial:46 kd:46
findAtomsWithinRadius serial:47 kd:47
findAtomsWithinRadius serial:45 kd:45
findAtomsWithinRadius serial:37 kd:37
findAtomsWithinRadius serial:34 kd:34
findAtomsWithinRadius serial:21 kd:21
findAtomsWithinRadius serial:18 kd:18
findAtomsWithinRadius serial:15 kd:15
findAtomsWithinRadius serial:50 kd:50
findAtomsWithinRadius serial:46 kd:46
findAtomsWithinRadius serial:49 kd:49
findAtomsWithinRadius serial:46 kd:46
findAtomsWithinRadius serial:48 kd:48
findAtomsWithinRadius serial:49 kd:49
findAtomsWithinRadius serial:39 kd:39
findAtomsWithinRadius serial:45 kd:45
findAtomsWithinRadius serial:38 kd:38
findAtomsWithinRadius serial:40 kd:40
findAtomsWithinRadius serial:48 kd:48
findAtomsWithinRadius serial:45 kd:45
findAtomsWithinRadius serial:45 kd:45
findAtomsWithinRadius serial:47 kd:47
findAtomsWithinRadius serial:46 kd:46
findAtomsWithinRadius serial:39 kd:39
findAtomsWithinRadius serial:40 kd:40
findAtomsWithinRadius serial:43 kd:43
findAtomsWithinRadius serial:36 kd:36
findAtomsWithinRadius serial:38 kd:38
findAtomsWithinRadius serial:42 kd:42
findAtomsWithinRadius serial:48 kd:48
findAtomsWithinRadius serial:52 kd:52
findAtomsWithinRadius serial:46 kd:46
findAtomsWithinRadius serial:45 kd:45
findAtomsWithinRadius serial:54 kd:54
findAtomsWithinRadius serial:48 kd:48
findAtomsWithinRadius serial:47 kd:47
findAtomsWithinRadius serial:46 kd:46
findAtomsWithinRadius serial:45 kd:45
findAtomsWithinRadius serial:42 kd:42
findAtomsWithinRadius serial:40 kd:40
findAtomsWithinRadius serial:43 kd:43
findAtomsWithinRadius serial:39 kd:39
findAtomsWithinRadius serial:33 kd:33
findAtomsWithinRadius serial:33 kd:33
findAtomsWithinRadius serial:36 kd:36
findAtomsWithinRadius serial:35 kd:35
findAtomsWithinRadius serial:25 kd:25
findAtomsWithinRadius serial:30 kd:30
findAtomsWithinRadius serial:26 kd:26
findAtomsWithinRadius serial:34 kd:34
findAtomsWithinRadius serial:32 kd:32
findAtomsWithinRadius serial:36 kd:36
findAtomsWithinRadius serial:48 kd:48
findAtomsWithinRadius serial:38 kd:38
findAtomsWithinRadius serial:33 kd:33
findAtomsWithinRadius serial:52 kd:52
findAtomsWithinRadius serial:49 kd:49
findAtomsWithinRadius serial:45 kd:45
findAtomsWithinRadius serial:40 kd:40
findAtomsWithinRadius serial:39 kd:39
findAtomsWithinRadius serial:43 kd:43
findAtomsWithinRadius serial:35 kd:35
findAtomsWithinRadius serial:35 kd:35
findAtomsWithinRadius serial:27 kd:27
findAtomsWithinRadius serial:28 kd:28
findAtomsWithinRadius serial:30 kd:30
findAtomsWithinRadius serial:18 kd:18
findAtomsWithinRadius serial:47 kd:47
findAtomsWithinRadius serial:45 kd:45
findAtomsWithinRadius serial:51 kd:51
findAtomsWithinRadius serial:49 kd:49
findAtomsWithinRadius serial:52 kd:52
findAtomsWithinRadius serial:45 kd:45
findAtomsWithinRadius serial:45 kd:45
findAtomsWithinRadius serial:46 kd:46
findAtomsWithinRadius serial:44 kd:44
findAtomsWithinRadius serial:40 kd:40
findAtomsWithinRadius serial:46 kd:46
findAtomsWithinRadius serial:40 kd:40
findAtomsWithinRadius serial:47 kd:47
findAtomsWithinRadius serial:48 kd:48
findAtomsWithinRadius serial:50 kd:50
findAtomsWithinRadius serial:47 kd:47
findAtomsWithinRadius serial:47 kd:47
findAtomsWithinRadius serial:40 kd:40
findAtomsWithinRadius serial:49 kd:49
findAtomsWithinRadius serial:35 kd:35
findAtomsWithinRadius serial:55 kd:55
findAtomsWithinRadius serial:51 kd:51
findAtomsWithinRadius serial:52 kd:52
findAtomsWithinRadius serial:46 kd:46
findAtomsWithinRadius serial:52 kd:52
findAtomsWithinRadius serial:42 kd:42
findAtomsWithinRadius serial:48 kd:48
findAtomsWithinRadius serial:43 kd:43
findAtomsWithinRadius serial:50 kd:50
findAtomsWithinRadius serial:46 kd:46
findAtomsWithinRadius serial:45 kd:45
findAtomsWithinRadius serial:51 kd:51
findAtomsWithinRadius serial:50 kd:50
findAtomsWithinRadius serial:46 kd:46
findAtomsWithinRadius serial:45 kd:45
findAtomsWithinRadius serial:51 kd:51
findAtomsWithinRadius serial:47 kd:47
findAtomsWithinRadius serial:56 kd:56
findAtomsWithinRadius serial:44 kd:44
findAtomsWithinRadius serial:41 kd:41
findAtomsWithinRadius serial:43 kd:43
findAtomsWithinRadius serial:48 kd:48
findAtomsWithinRadius serial:42 kd:42
findAtomsWithinRadius serial:35 kd:35
findAtomsWithinRadius serial:37 kd:37
findAtomsWithinRadius serial:41 kd:41
findAtomsWithinRadius serial:49 kd:49
findAtomsWithinRadius serial:43 kd:43
findAtomsWithinRadius serial:37 kd:37
findAtomsWithinRadius serial:43 kd:43
findAtomsWithinRadius serial:39 kd:39
findAtomsWithinRadius serial:41 kd:41
findAtomsWithinRadius serial:35 kd:35
findAtomsWithinRadius serial:48 kd:48
findAtomsWithinRadius serial:51 kd:51
findAtomsWithinRadius serial:48 kd:48
findAtomsWithinRadius serial:42 kd:42
findAtomsWithinRadius serial:53 kd:53
findAtomsWithinRadius serial:52 kd:52
findAtomsWithinRadius serial:42 kd:42
findAtomsWithinRadius serial:36 kd:36
findAtomsWithinRadius serial:33 kd:33
findAtomsWithinRadius serial:30 kd:30
findAtomsWithinRadius serial:34 kd:34
findAtomsWithinRadius serial:32 kd:32
findAtomsWithinRadius serial:39 kd:39
findAtomsWithinRadius serial:47 kd:47
findAtomsWithinRadius serial:46 kd:46
findAtomsWithinRadius serial:39 kd:39
findAtomsWithinRadius serial:34 kd:34
findAtomsWithinRadius serial:35 kd:35
findAtomsWithinRadius serial:31 kd:31
findAtomsWithinRadius serial:41 kd:41
findAtomsWithinRadius serial:38 kd:38
findAtomsWithinRadius serial:35 kd:35
findAtomsWithinRadius serial:32 kd:32
findAtomsWithinRadius serial:29 kd:29
findAtomsWithinRadius serial:24 kd:24
findAtomsWithinRadius serial:19 kd:19
findAtomsWithinRadius serial:21 kd:21
findAtomsWithinRadius serial:28 kd:28
findAtomsWithinRadius serial:33 kd:33
findAtomsWithinRadius serial:27 kd:27
findAtomsWithinRadius serial:35 kd:35
findAtomsWithinRadius serial:28 kd:28
findAtomsWithinRadius serial:25 kd:25
findAtomsWithinRadius serial:16 kd:16
findAtomsWithinRadius serial:14 kd:14
findAtomsWithinRadius serial:15 kd:15
findAtomsWithinRadius serial:37 kd:37
findAtomsWithinRadius serial:44 kd:44
findAtomsWithinRadius serial:50 kd:50
findAtomsWithinRadius serial:47 kd:47
findAtomsWithinRadius serial:42 kd:42
findAtomsWithinRadius serial:28 kd:28
findAtomsWithinRadius serial:25 kd:25
findAtomsWithinRadius serial:24 kd:24
findAtomsWithinRadius serial:29 kd:29
findAtomsWithinRadius serial:42 kd:42
findAtomsWithinRadius serial:41 kd:41
findAtomsWithinRadius serial:42 kd:42
findAtomsWithinRadius serial:45 kd:45
findAtomsWithinRadius serial:39 kd:39
findAtomsWithinRadius serial:34 kd:34
findAtomsWithinRadius serial:37 kd:37
findAtomsWithinRadius serial:43 kd:43
findAtomsWithinRadius serial:40 kd:40
findAtomsWithinRadius serial:40 kd:40
findAtomsWithinRadius serial:42 kd:42
findAtomsWithinRadius serial:43 kd:43
findAtomsWithinRadius serial:30 kd:30
findAtomsWithinRadius serial:22 kd:22
findAtomsWithinRadius serial:24 kd:24
findAtomsWithinRadius serial:18 kd:18
findAtomsWithinRadius serial:44 kd:44
findAtomsWithinRadius serial:45 kd:45
findAtomsWithinRadius serial:49 kd:49
findAtomsWithinRadius serial:48 kd:48
findAtomsWithinRadius serial:40 kd:40
findAtomsWithinRadius serial:31 kd:31
findAtomsWithinRadius serial:29 kd:29
findAtomsWithinRadius serial:26 kd:26
findAtomsWithinRadius serial:30 kd:30
findAtomsWithinRadius serial:49 kd:49
findAtomsWithinRadius serial:47 kd:47
findAtomsWithinRadius serial:50 kd:50
findAtomsWithinRadius serial:48 kd:48
findAtomsWithinRadius serial:48 kd:48
findAtomsWithinRadius serial:53 kd:53
findAtomsWithinRadius serial:56 kd:56
findAtomsWithinRadius serial:52 kd:52
findAtomsWithinRadius serial:48 kd:48
findAtomsWithinRadius serial:50 kd:50
findAtomsWithinRadius serial:43 kd:43
findAtomsWithinRadius serial:37 kd:37
findAtomsWithinRadius serial:28 kd:28
findAtomsWithinRadius serial:24 kd:24
findAtomsWithinRadius serial:47 kd:47
findAtomsWithinRadius serial:47 kd:47
findAtomsWithinRadius serial:48 kd:48
findAtomsWithinRadius serial:45 kd:45
findAtomsWithinRadius serial:38 kd:38
findAtomsWithinRadius serial:32 kd:32
findAtomsWithinRadius serial:23 kd:23
findAtomsWithinRadius serial:20 kd:20
findAtomsWithinRadius serial:18 kd:18
findAtomsWithinRadius serial:47 kd:47
findAtomsWithinRadius serial:50 kd:50
findAtomsWithinRadius serial:51 kd:51
findAtomsWithinRadius serial:47 kd:47
findAtomsWithinRadius serial:43 kd:43
findAtomsWithinRadius serial:41 kd:41
findAtomsWithinRadius serial:33 kd:33
findAtomsWithinRadius serial:34 kd:34
findAtomsWithinRadius serial:28 kd:28
findAtomsWithinRadius serial:52 kd:52
findAtomsWithinRadius serial:53 kd:53
findAtomsWithinRadius serial:52 kd:52
findAtomsWithinRadius serial:48 kd:48
findAtomsWithinRadius serial:54 kd:54
findAtomsWithinRadius serial:46 kd:46
findAtomsWithinRadius serial:42 kd:42
findAtomsWithinRadius serial:44 kd:44
findAtomsWithinRadius serial:50 kd:50
findAtomsWithinRadius serial:48 kd:48
findAtomsWithinRadius serial:49 kd:49
findAtomsWithinRadius serial:42 kd:42
findAtomsWithinRadius serial:37 kd:37
findAtomsWithinRadius serial:36 kd:36
findAtomsWithinRadius serial:29 kd:29
findAtomsWithinRadius serial:43 kd:43
findAtomsWithinRadius serial:31 kd:31
findAtomsWithinRadius serial:38 kd:38
findAtomsWithinRadius serial:44 kd:44
findAtomsWithinRadius serial:37 kd:37
findAtomsWithinRadius serial:43 kd:43
findAtomsWithinRadius serial:42 kd:42
findAtomsWithinRadius serial:35 kd:35
findAtomsWithinRadius serial:21 kd:21
findAtomsWithinRadius serial:24 kd:24
findAtomsWithinRadius serial:15 kd:15
findAtomsWithinRadius serial:11 kd:11
findAtomsWithinRadius serial:41 kd:41
findAtomsWithinRadius serial:44 kd:44
findAtomsWithinRadius serial:51 kd:51
findAtomsWithinRadius serial:51 kd:51
findAtomsWithinRadius serial:47 kd:47
findAtomsWithinRadius serial:44 kd:44
findAtomsWithinRadius serial:38 kd:38
findAtomsWithinRadius serial:49 kd:49
findAtomsWithinRadius serial:47 kd:47
findAtomsWithinRadius serial:50 kd:50
findAtomsWithinRadius serial:46 kd:46
findAtomsWithinRadius serial:45 kd:45
findAtomsWithinRadius serial:41 kd:41
findAtomsWithinRadius serial:44 kd:44
findAtomsWithinRadius serial:37 kd:37
findAtomsWithinRadius serial:40 kd:40
findAtomsWithinRadius serial:42 kd:42
findAtomsWithinRadius serial:38 kd:38
findAtomsWithinRadius serial:41 kd:41
findAtomsWithinRadius serial:32 kd:32
findAtomsWithinRadius serial:31 kd:31
findAtomsWithinRadius serial:25 kd:25
findAtomsWithinRadius serial:19 kd:19
findAtomsWithinRadius serial:29 kd:29
findAtomsWithinRadius serial:48 kd:48
findAtomsWithinRadius serial:43 kd:43
findAtomsWithinRadius serial:46 kd:46
findAtomsWithinRadius serial:45 kd:45
findAtomsWithinRadius serial:44 kd:44
findAtomsWithinRadius serial:37 kd:37
findAtomsWithinRadius serial:39 kd:39
findAtomsWithinRadius serial:30 kd:30
findAtomsWithinRadius serial:38 kd:38
findAtomsWithinRadius serial:35 kd:35
findAtomsWithinRadius serial:38 kd:38
findAtomsWithinRadius serial:34 kd:34
findAtomsWithinRadius serial:27 kd:27
findAtomsWithinRadius serial:17 kd:17
findAtomsWithinRadius serial:13 kd:13
findAtomsWithinRadius serial:13 kd:13
findAtomsWithinRadius serial:9 kd:9
findAtomsWithinRadius serial:36 kd:36
findAtomsWithinRadius serial:36 kd:36
findAtomsWithinRadius serial:41 kd:41
findAtomsWithinRadius serial:45 kd:45
findAtomsWithinRadius serial:39 kd:39
findAtomsWithinRadius serial:31 kd:31
findAtomsWithinRadius serial:28 kd:28
findAtomsWithinRadius serial:29 kd:29
findAtomsWithinRadius serial:28 kd:28
findAtomsWithinRadius serial:43 kd:43
findAtomsWithinRadius serial:46 kd:46
findAtomsWithinRadius serial:50 kd:50
findAtomsWithinRadius serial:44 kd:44
findAtomsWithinRadius serial:52 kd:52
findAtomsWithinRadius serial:47 kd:47
findAtomsWithinRadius serial:42 kd:42
findAtomsWithinRadius serial:46 kd:46
findAtomsWithinRadius serial:46 kd:46
findAtomsWithinRadius serial:46 kd:46
findAtomsWithinRadius serial:33 kd:33
findAtomsWithinRadius serial:30 kd:30
findAtomsWithinRadius serial:40 kd:40
findAtomsWithinRadius serial:35 kd:35
findAtomsWithinRadius serial:29 kd:29
findAtomsWithinRadius serial:25 kd:25
findAtomsWithinRadius serial:22 kd:22
findAtomsWithinRadius serial:33 kd:33
findAtomsWithinRadius serial:25 kd:25
findAtomsWithinRadius serial:29 kd:29
findAtomsWithinRadius serial:27 kd:27
findAtomsWithinRadius serial:19 kd:19
findAtomsWithinRadius serial:14 kd:14
findAtomsWithinRadius serial:14 kd:14
findAtomsWithinRadius serial:13 kd:13
findAtomsWithinRadius serial:36 kd:36
findAtomsWithinRadius serial:41 kd:41
findAtomsWithinRadius serial:38 kd:38
findAtomsWithinRadius serial:42 kd:42
findAtomsWithinRadius serial:48 kd:48
findAtomsWithinRadius serial:35 kd:35
findAtomsWithinRadius serial:38 kd:38
findAtomsWithinRadius serial:43 kd:43
findAtomsWithinRadius serial:41 kd:41
findAtomsWithinRadius serial:41 kd:41
findAtomsWithinRadius serial:34 kd:34
findAtomsWithinRadius serial:46 kd:46
findAtomsWithinRadius serial:27 kd:27
findAtomsWithinRadius serial:45 kd:45
[...]
findAtomsWithinRadius serial:34 kd:34
findAtomsWithinRadius serial:52 kd:52
findAtomsWithinRadius serial:46 kd:46
findAtomsWithinRadius serial:38 kd:38
findAtomsWithinRadius serial:37 kd:37
findAtomsWithinRadius serial:43 kd:43
findAtomsWithinRadius serial:37 kd:37
findAtomsWithinRadius serial:38 kd:38
findAtomsWithinRadius serial:44 kd:44
findAtomsWithinRadius serial:31 kd:31
findAtomsWithinRadius serial:34 kd:34
findAtomsWithinRadius serial:27 kd:27
findAtomsWithinRadius serial:26 kd:26
findAtomsWithinRadius serial:19 kd:19
findAtomsWithinRadius serial:22 kd:22
findAtomsWithinRadius serial:31 kd:31
findAtomsWithinRadius serial:30 kd:30
findAtomsWithinRadius serial:31 kd:31
findAtomsWithinRadius serial:20 kd:20
findAtomsWithinRadius serial:28 kd:28
findAtomsWithinRadius serial:39 kd:39
findAtomsWithinRadius serial:37 kd:37
findAtomsWithinRadius serial:38 kd:38
findAtomsWithinRadius serial:34 kd:34
findAtomsWithinRadius serial:24 kd:24
findAtomsWithinRadius serial:39 kd:39
findAtomsWithinRadius serial:36 kd:36
findAtomsWithinRadius serial:45 kd:45
findAtomsWithinRadius serial:47 kd:47
findAtomsWithinRadius serial:32 kd:32
findAtomsWithinRadius serial:28 kd:28
findAtomsWithinRadius serial:42 kd:42
findAtomsWithinRadius serial:37 kd:37
findAtomsWithinRadius serial:37 kd:37
findAtomsWithinRadius serial:32 kd:32
findAtomsWithinRadius serial:36 kd:36
findAtomsWithinRadius serial:39 kd:39
findAtomsWithinRadius serial:45 kd:45
findAtomsWithinRadius serial:52 kd:52
findAtomsWithinRadius serial:42 kd:42
findAtomsWithinRadius serial:44 kd:44
findAtomsWithinRadius serial:35 kd:35
findAtomsWithinRadius serial:42 kd:42
findAtomsWithinRadius serial:44 kd:44
findAtomsWithinRadius serial:41 kd:41
findAtomsWithinRadius serial:43 kd:43
findAtomsWithinRadius serial:36 kd:36
findAtomsWithinRadius serial:30 kd:30
findAtomsWithinRadius serial:23 kd:23
findAtomsWithinRadius serial:24 kd:24
findAtomsWithinRadius serial:27 kd:27
findAtomsWithinRadius serial:16 kd:16
findAtomsWithinRadius serial:14 kd:14
findAtomsWithinRadius serial:11 kd:11
findAtomsWithinRadius serial:26 kd:26
findAtomsWithinRadius serial:24 kd:24
findAtomsWithinRadius serial:32 kd:32
findAtomsWithinRadius serial:34 kd:34
findAtomsWithinRadius serial:36 kd:36
findAtomsWithinRadius serial:46 kd:46
findAtomsWithinRadius serial:49 kd:49
findAtomsWithinRadius serial:53 kd:53
findAtomsWithinRadius serial:55 kd:55
findAtomsWithinRadius serial:52 kd:52
findAtomsWithinRadius serial:47 kd:47
findAtomsWithinRadius serial:45 kd:45
findAtomsWithinRadius serial:43 kd:43
findAtomsWithinRadius serial:40 kd:40
findAtomsWithinRadius serial:37 kd:37
findAtomsWithinRadius serial:44 kd:44
findAtomsWithinRadius serial:44 kd:44
findAtomsWithinRadius serial:41 kd:41
findAtomsWithinRadius serial:29 kd:29
findAtomsWithinRadius serial:32 kd:32
findAtomsWithinRadius serial:29 kd:29
findAtomsWithinRadius serial:28 kd:28
findAtomsWithinRadius serial:43 kd:43
findAtomsWithinRadius serial:47 kd:47
findAtomsWithinRadius serial:50 kd:50
findAtomsWithinRadius serial:48 kd:48
findAtomsWithinRadius serial:48 kd:48
findAtomsWithinRadius serial:38 kd:38
findAtomsWithinRadius serial:35 kd:35
findAtomsWithinRadius serial:26 kd:26
findAtomsWithinRadius serial:20 kd:20
findAtomsWithinRadius serial:47 kd:47
findAtomsWithinRadius serial:47 kd:47
findAtomsWithinRadius serial:50 kd:50
findAtomsWithinRadius serial:45 kd:45
findAtomsWithinRadius serial:34 kd:34
findAtomsWithinRadius serial:24 kd:24
findAtomsWithinRadius serial:22 kd:22
findAtomsWithinRadius serial:21 kd:21
findAtomsWithinRadius serial:50 kd:50
findAtomsWithinRadius serial:50 kd:50
findAtomsWithinRadius serial:47 kd:47
findAtomsWithinRadius serial:46 kd:46
findAtomsWithinRadius serial:51 kd:51
findAtomsWithinRadius serial:49 kd:49
findAtomsWithinRadius serial:47 kd:47
findAtomsWithinRadius serial:52 kd:52
findAtomsWithinRadius serial:39 kd:39
findAtomsWithinRadius serial:36 kd:36
findAtomsWithinRadius serial:38 kd:38
findAtomsWithinRadius serial:31 kd:31
findAtomsWithinRadius serial:27 kd:27
findAtomsWithinRadius serial:39 kd:39
findAtomsWithinRadius serial:38 kd:38
findAtomsWithinRadius serial:40 kd:40
findAtomsWithinRadius serial:32 kd:32
findAtomsWithinRadius serial:29 kd:29
findAtomsWithinRadius serial:36 kd:36
findAtomsWithinRadius serial:26 kd:26
findAtomsWithinRadius serial:21 kd:21
findAtomsWithinRadius serial:27 kd:27
findAtomsWithinRadius serial:45 kd:45
findAtomsWithinRadius serial:44 kd:44
findAtomsWithinRadius serial:45 kd:45
findAtomsWithinRadius serial:40 kd:40
findAtomsWithinRadius serial:49 kd:49
findAtomsWithinRadius serial:50 kd:50
findAtomsWithinRadius serial:33 kd:33
findAtomsWithinRadius serial:33 kd:33
findAtomsWithinRadius serial:28 kd:28
findAtomsWithinRadius serial:47 kd:47
findAtomsWithinRadius serial:51 kd:51
findAtomsWithinRadius serial:47 kd:47
findAtomsWithinRadius serial:48 kd:48
findAtomsWithinRadius serial:46 kd:46
findAtomsWithinRadius serial:46 kd:46
findAtomsWithinRadius serial:41 kd:41
findAtomsWithinRadius serial:45 kd:45
findAtomsWithinRadius serial:46 kd:46
findAtomsWithinRadius serial:40 kd:40
findAtomsWithinRadius serial:40 kd:40
findAtomsWithinRadius serial:44 kd:44
findAtomsWithinRadius serial:35 kd:35
findAtomsWithinRadius serial:34 kd:34
findAtomsWithinRadius serial:33 kd:33
findAtomsWithinRadius serial:31 kd:31
findAtomsWithinRadius serial:33 kd:33
findAtomsWithinRadius serial:40 kd:40
findAtomsWithinRadius serial:28 kd:28
findAtomsWithinRadius serial:23 kd:23
findAtomsWithinRadius serial:28 kd:28
findAtomsWithinRadius serial:24 kd:24
findAtomsWithinRadius serial:31 kd:31
findAtomsWithinRadius serial:31 kd:31
findAtomsWithinRadius serial:30 kd:30
findAtomsWithinRadius serial:30 kd:30
findAtomsWithinRadius serial:40 kd:40
findAtomsWithinRadius serial:41 kd:41
findAtomsWithinRadius serial:45 kd:45
findAtomsWithinRadius serial:43 kd:43
findAtomsWithinRadius serial:28 kd:28
findAtomsWithinRadius serial:27 kd:27
findAtomsWithinRadius serial:29 kd:29
findAtomsWithinRadius serial:36 kd:36
findAtomsWithinRadius serial:24 kd:24
findAtomsWithinRadius serial:29 kd:29
findAtomsWithinRadius serial:35 kd:35
findAtomsWithinRadius serial:37 kd:37
findAtomsWithinRadius serial:21 kd:21
findAtomsWithinRadius serial:18 kd:18
findAtomsWithinRadius serial:14 kd:14
findAtomsWithinRadius serial:24 kd:24
findAtomsWithinRadius serial:40 kd:40
findAtomsWithinRadius serial:40 kd:40
findAtomsWithinRadius serial:39 kd:39
findAtomsWithinRadius serial:42 kd:42
findAtomsWithinRadius serial:35 kd:35
findAtomsWithinRadius serial:35 kd:35
findAtomsWithinRadius serial:27 kd:27
findAtomsWithinRadius serial:23 kd:23
findAtomsWithinRadius serial:23 kd:23
findAtomsWithinRadius serial:37 kd:37
findAtomsWithinRadius serial:47 kd:47
findAtomsWithinRadius serial:48 kd:48
findAtomsWithinRadius serial:41 kd:41
findAtomsWithinRadius serial:49 kd:49
findAtomsWithinRadius serial:50 kd:50
findAtomsWithinRadius serial:37 kd:37
findAtomsWithinRadius serial:45 kd:45
findAtomsWithinRadius serial:42 kd:42
findAtomsWithinRadius serial:44 kd:44
findAtomsWithinRadius serial:42 kd:42
findAtomsWithinRadius serial:47 kd:47
findAtomsWithinRadius serial:37 kd:37
findAtomsWithinRadius serial:36 kd:36
findAtomsWithinRadius serial:39 kd:39
findAtomsWithinRadius serial:47 kd:47
findAtomsWithinRadius serial:54 kd:54
findAtomsWithinRadius serial:47 kd:47
findAtomsWithinRadius serial:48 kd:48
findAtomsWithinRadius serial:51 kd:51
findAtomsWithinRadius serial:48 kd:48
findAtomsWithinRadius serial:51 kd:51
findAtomsWithinRadius serial:46 kd:46
findAtomsWithinRadius serial:42 kd:42
findAtomsWithinRadius serial:52 kd:52
findAtomsWithinRadius serial:48 kd:48
findAtomsWithinRadius serial:49 kd:49
findAtomsWithinRadius serial:49 kd:49
findAtomsWithinRadius serial:47 kd:47
findAtomsWithinRadius serial:51 kd:51
findAtomsWithinRadius serial:48 kd:48
findAtomsWithinRadius serial:47 kd:47
findAtomsWithinRadius serial:49 kd:49
findAtomsWithinRadius serial:51 kd:51
findAtomsWithinRadius serial:49 kd:49
findAtomsWithinRadius serial:50 kd:50
findAtomsWithinRadius serial:51 kd:51
findAtomsWithinRadius serial:49 kd:49
findAtomsWithinRadius serial:47 kd:47
findAtomsWithinRadius serial:48 kd:48
findAtomsWithinRadius serial:46 kd:46
findAtomsWithinRadius serial:34 kd:34
findAtomsWithinRadius serial:42 kd:42
findAtomsWithinRadius serial:42 kd:42
findAtomsWithinRadius serial:40 kd:40
findAtomsWithinRadius serial:39 kd:39
findAtomsWithinRadius serial:42 kd:42
findAtomsWithinRadius serial:53 kd:53
findAtomsWithinRadius serial:43 kd:43
findAtomsWithinRadius serial:41 kd:41
findAtomsWithinRadius serial:42 kd:42
findAtomsWithinRadius serial:43 kd:43
findAtomsWithinRadius serial:35 kd:35
findAtomsWithinRadius serial:37 kd:37
findAtomsWithinRadius serial:35 kd:35
findAtomsWithinRadius serial:37 kd:37
findAtomsWithinRadius serial:34 kd:34
findAtomsWithinRadius serial:29 kd:29
findAtomsWithinRadius serial:31 kd:31
findAtomsWithinRadius serial:27 kd:27
findAtomsWithinRadius serial:27 kd:27
findAtomsWithinRadius serial:22 kd:22
findAtomsWithinRadius serial:17 kd:17
findAtomsWithinRadius serial:22 kd:22
findAtomsWithinRadius serial:34 kd:34
findAtomsWithinRadius serial:33 kd:33
findAtomsWithinRadius serial:41 kd:41
findAtomsWithinRadius serial:42 kd:42
findAtomsWithinRadius serial:43 kd:43
findAtomsWithinRadius serial:50 kd:50
findAtomsWithinRadius serial:55 kd:55
findAtomsWithinRadius serial:50 kd:50
findAtomsWithinRadius serial:48 kd:48
findAtomsWithinRadius serial:47 kd:47
findAtomsWithinRadius serial:44 kd:44
findAtomsWithinRadius serial:35 kd:35
findAtomsWithinRadius serial:31 kd:31
findAtomsWithinRadius serial:27 kd:27
findAtomsWithinRadius serial:23 kd:23
findAtomsWithinRadius serial:55 kd:55
findAtomsWithinRadius serial:52 kd:52
findAtomsWithinRadius serial:52 kd:52
findAtomsWithinRadius serial:53 kd:53
findAtomsWithinRadius serial:51 kd:51
findAtomsWithinRadius serial:47 kd:47
findAtomsWithinRadius serial:43 kd:43
findAtomsWithinRadius serial:43 kd:43
findAtomsWithinRadius serial:61 kd:61
findAtomsWithinRadius serial:58 kd:58
findAtomsWithinRadius serial:61 kd:61
findAtomsWithinRadius serial:56 kd:56
findAtomsWithinRadius serial:57 kd:57
findAtomsWithinRadius serial:49 kd:49
findAtomsWithinRadius serial:51 kd:51
findAtomsWithinRadius serial:44 kd:44
findAtomsWithinRadius serial:53 kd:53
findAtomsWithinRadius serial:39 kd:39
findAtomsWithinRadius serial:45 kd:45
findAtomsWithinRadius serial:55 kd:55
findAtomsWithinRadius serial:50 kd:50
findAtomsWithinRadius serial:55 kd:55
findAtomsWithinRadius serial:50 kd:50
findAtomsWithinRadius serial:46 kd:46
findAtomsWithinRadius serial:48 kd:48
findAtomsWithinRadius serial:44 kd:44
findAtomsWithinRadius serial:45 kd:45
findAtomsWithinRadius serial:41 kd:41
findAtomsWithinRadius serial:49 kd:49
findAtomsWithinRadius serial:45 kd:45
findAtomsWithinRadius serial:53 kd:53
findAtomsWithinRadius serial:51 kd:51
findAtomsWithinRadius serial:52 kd:52
findAtomsWithinRadius serial:48 kd:48
findAtomsWithinRadius serial:48 kd:48
findAtomsWithinRadius serial:49 kd:49
findAtomsWithinRadius serial:46 kd:46
findAtomsWithinRadius serial:47 kd:47
findAtomsWithinRadius serial:52 kd:52
findAtomsWithinRadius serial:46 kd:46
findAtomsWithinRadius serial:47 kd:47
findAtomsWithinRadius serial:53 kd:53
findAtomsWithinRadius serial:42 kd:42
findAtomsWithinRadius serial:37 kd:37
findAtomsWithinRadius serial:39 kd:39
findAtomsWithinRadius serial:43 kd:43
findAtomsWithinRadius serial:36 kd:36
findAtomsWithinRadius serial:33 kd:33
findAtomsWithinRadius serial:26 kd:26
findAtomsWithinRadius serial:30 kd:30
findAtomsWithinRadius serial:20 kd:20
findAtomsWithinRadius serial:38 kd:38
findAtomsWithinRadius serial:38 kd:38
findAtomsWithinRadius serial:37 kd:37
findAtomsWithinRadius serial:45 kd:45
findAtomsWithinRadius serial:31 kd:31
findAtomsWithinRadius serial:32 kd:32
findAtomsWithinRadius serial:36 kd:36
findAtomsWithinRadius serial:35 kd:35
findAtomsWithinRadius serial:30 kd:30
findAtomsWithinRadius serial:20 kd:20
findAtomsWithinRadius serial:30 kd:30
findAtomsWithinRadius serial:35 kd:35
findAtomsWithinRadius serial:47 kd:47
findAtomsWithinRadius serial:59 kd:59
findAtomsWithinRadius serial:52 kd:52
findAtomsWithinRadius serial:40 kd:40
findAtomsWithinRadius serial:40 kd:40
findAtomsWithinRadius serial:24 kd:24
findAtomsWithinRadius serial:22 kd:22
findAtomsWithinRadius serial:10 kd:10
findAtomsWithinRadius serial:57 kd:57
findAtomsWithinRadius serial:61 kd:61
findAtomsWithinRadius serial:53 kd:53
findAtomsWithinRadius serial:49 kd:49
findAtomsWithinRadius serial:57 kd:57
findAtomsWithinRadius serial:48 kd:48
findAtomsWithinRadius serial:50 kd:50
findAtomsWithinRadius serial:49 kd:49
findAtomsWithinRadius serial:50 kd:50
findAtomsWithinRadius serial:49 kd:49
findAtomsWithinRadius serial:50 kd:50
findAtomsWithinRadius serial:55 kd:55
findAtomsWithinRadius serial:50 kd:50
findAtomsWithinRadius serial:46 kd:46
findAtomsWithinRadius serial:44 kd:44
findAtomsWithinRadius serial:48 kd:48
findAtomsWithinRadius serial:41 kd:41
findAtomsWithinRadius serial:47 kd:47
findAtomsWithinRadius serial:35 kd:35
findAtomsWithinRadius serial:39 kd:39
findAtomsWithinRadius serial:56 kd:56
findAtomsWithinRadius serial:56 kd:56
findAtomsWithinRadius serial:56 kd:56
findAtomsWithinRadius serial:52 kd:52
findAtomsWithinRadius serial:45 kd:45
findAtomsWithinRadius serial:46 kd:46
findAtomsWithinRadius serial:37 kd:37
findAtomsWithinRadius serial:29 kd:29
findAtomsWithinRadius serial:30 kd:30
findAtomsWithinRadius serial:60 kd:60
findAtomsWithinRadius serial:57 kd:57
findAtomsWithinRadius serial:54 kd:54
findAtomsWithinRadius serial:52 kd:52
findAtomsWithinRadius serial:53 kd:53
findAtomsWithinRadius serial:50 kd:50
findAtomsWithinRadius serial:52 kd:52
findAtomsWithinRadius serial:50 kd:50
findAtomsWithinRadius serial:55 kd:55
findAtomsWithinRadius serial:51 kd:51
findAtomsWithinRadius serial:54 kd:54
findAtomsWithinRadius serial:55 kd:55
findAtomsWithinRadius serial:53 kd:53
findAtomsWithinRadius serial:56 kd:56
findAtomsWithinRadius serial:55 kd:55
findAtomsWithinRadius serial:52 kd:52
findAtomsWithinRadius serial:38 kd:38
findAtomsWithinRadius serial:38 kd:38
findAtomsWithinRadius serial:32 kd:32
findAtomsWithinRadius serial:54 kd:54
findAtomsWithinRadius serial:50 kd:50
findAtomsWithinRadius serial:44 kd:44
findAtomsWithinRadius serial:40 kd:40
findAtomsWithinRadius serial:49 kd:49
findAtomsWithinRadius serial:36 kd:36
findAtomsWithinRadius serial:38 kd:38
findAtomsWithinRadius serial:33 kd:33
findAtomsWithinRadius serial:36 kd:36
findAtomsWithinRadius serial:33 kd:33
findAtomsWithinRadius serial:29 kd:29
findAtomsWithinRadius serial:43 kd:43
findAtomsWithinRadius serial:36 kd:36
findAtomsWithinRadius serial:34 kd:34
findAtomsWithinRadius serial:27 kd:27
findAtomsWithinRadius serial:30 kd:30
findAtomsWithinRadius serial:24 kd:24
findAtomsWithinRadius serial:28 kd:28
findAtomsWithinRadius serial:28 kd:28
findAtomsWithinRadius serial:32 kd:32
findAtomsWithinRadius serial:37 kd:37
findAtomsWithinRadius serial:37 kd:37
findAtomsWithinRadius serial:41 kd:41
findAtomsWithinRadius serial:32 kd:32
findAtomsWithinRadius serial:32 kd:32
findAtomsWithinRadius serial:38 kd:38
findAtomsWithinRadius serial:23 kd:23
findAtomsWithinRadius serial:44 kd:44
findAtomsWithinRadius serial:48 kd:48
findAtomsWithinRadius serial:45 kd:45
findAtomsWithinRadius serial:34 kd:34
findAtomsWithinRadius serial:35 kd:35
findAtomsWithinRadius serial:28 kd:28
findAtomsWithinRadius serial:44 kd:44
findAtomsWithinRadius serial:35 kd:35
findAtomsWithinRadius serial:35 kd:35
findAtomsWithinRadius serial:49 kd:49
findAtomsWithinRadius serial:43 kd:43
findAtomsWithinRadius serial:46 kd:46
findAtomsWithinRadius serial:52 kd:52
findAtomsWithinRadius serial:30 kd:30
findAtomsWithinRadius serial:34 kd:34
findAtomsWithinRadius serial:24 kd:24
findAtomsWithinRadius serial:21 kd:21
findAtomsWithinRadius serial:16 kd:16
findAtomsWithinRadius serial:41 kd:41
findAtomsWithinRadius serial:41 kd:41
findAtomsWithinRadius serial:38 kd:38
findAtomsWithinRadius serial:28 kd:28
findAtomsWithinRadius serial:40 kd:40
findAtomsWithinRadius serial:38 kd:38
findAtomsWithinRadius serial:38 kd:38
findAtomsWithinRadius serial:31 kd:31
findAtomsWithinRadius serial:42 kd:42
findAtomsWithinRadius serial:37 kd:37
findAtomsWithinRadius serial:32 kd:32
findAtomsWithinRadius serial:24 kd:24
findAtomsWithinRadius serial:38 kd:38
findAtomsWithinRadius serial:40 kd:40
findAtomsWithinRadius serial:34 kd:34
findAtomsWithinRadius serial:37 kd:37
findAtomsWithinRadius serial:36 kd:36
findAtomsWithinRadius serial:33 kd:33
findAtomsWithinRadius serial:42 kd:42
findAtomsWithinRadius serial:46 kd:46
findAtomsWithinRadius serial:29 kd:29
findAtomsWithinRadius serial:31 kd:31
findAtomsWithinRadius serial:22 kd:22
findAtomsWithinRadius serial:34 kd:34
findAtomsWithinRadius serial:35 kd:35
findAtomsWithinRadius serial:33 kd:33
findAtomsWithinRadius serial:26 kd:26
findAtomsWithinRadius serial:28 kd:28
findAtomsWithinRadius serial:30 kd:30
findAtomsWithinRadius serial:36 kd:36
findAtomsWithinRadius serial:18 kd:18
findAtomsWithinRadius serial:41 kd:41
findAtomsWithinRadius serial:40 kd:40
findAtomsWithinRadius serial:43 kd:43
findAtomsWithinRadius serial:43 kd:43
findAtomsWithinRadius serial:38 kd:38
findAtomsWithinRadius serial:29 kd:29
findAtomsWithinRadius serial:25 kd:25
findAtomsWithinRadius serial:19 kd:19
findAtomsWithinRadius serial:26 kd:26
findAtomsWithinRadius serial:44 kd:44
findAtomsWithinRadius serial:47 kd:47
findAtomsWithinRadius serial:50 kd:50
findAtomsWithinRadius serial:53 kd:53
findAtomsWithinRadius serial:36 kd:36
findAtomsWithinRadius serial:27 kd:27
findAtomsWithinRadius serial:26 kd:26
findAtomsWithinRadius serial:13 kd:13
findAtomsWithinRadius serial:12 kd:12
findAtomsWithinRadius serial:49 kd:49
findAtomsWithinRadius serial:49 kd:49
findAtomsWithinRadius serial:41 kd:41
findAtomsWithinRadius serial:52 kd:52
findAtomsWithinRadius serial:44 kd:44
findAtomsWithinRadius serial:39 kd:39
findAtomsWithinRadius serial:42 kd:42
findAtomsWithinRadius serial:47 kd:47
findAtomsWithinRadius serial:46 kd:46
findAtomsWithinRadius serial:42 kd:42
findAtomsWithinRadius serial:41 kd:41
findAtomsWithinRadius serial:33 kd:33
findAtomsWithinRadius serial:39 kd:39
findAtomsWithinRadius serial:43 kd:43
findAtomsWithinRadius serial:45 kd:45
findAtomsWithinRadius serial:39 kd:39
findAtomsWithinRadius serial:29 kd:29
findAtomsWithinRadius serial:43 kd:43
findAtomsWithinRadius serial:44 kd:44
findAtomsWithinRadius serial:36 kd:36
findAtomsWithinRadius serial:39 kd:39
findAtomsWithinRadius serial:43 kd:43
findAtomsWithinRadius serial:38 kd:38
findAtomsWithinRadius serial:41 kd:41
findAtomsWithinRadius serial:38 kd:38
findAtomsWithinRadius serial:42 kd:42
findAtomsWithinRadius serial:36 kd:36
findAtomsWithinRadius serial:41 kd:41
findAtomsWithinRadius serial:35 kd:35
findAtomsWithinRadius serial:29 kd:29
findAtomsWithinRadius serial:35 kd:35
findAtomsWithinRadius serial:28 kd:28
findAtomsWithinRadius serial:47 kd:47
findAtomsWithinRadius serial:47 kd:47
findAtomsWithinRadius serial:42 kd:42
findAtomsWithinRadius serial:44 kd:44
findAtomsWithinRadius serial:52 kd:52
findAtomsWithinRadius serial:47 kd:47
findAtomsWithinRadius serial:46 kd:46
findAtomsWithinRadius serial:44 kd:44
findAtomsWithinRadius serial:51 kd:51
findAtomsWithinRadius serial:46 kd:46
findAtomsWithinRadius serial:45 kd:45
findAtomsWithinRadius serial:35 kd:35
findAtomsWithinRadius serial:30 kd:30
findAtomsWithinRadius serial:27 kd:27
findAtomsWithinRadius serial:23 kd:23
findAtomsWithinRadius serial:34 kd:34
findAtomsWithinRadius serial:35 kd:35
findAtomsWithinRadius serial:24 kd:24
findAtomsWithinRadius serial:40 kd:40
findAtomsWithinRadius serial:30 kd:30
findAtomsWithinRadius serial:27 kd:27
findAtomsWithinRadius serial:16 kd:16
findAtomsWithinRadius serial:11 kd:11
findAtomsWithinRadius serial:34 kd:34
findAtomsWithinRadius serial:39 kd:39
]]></system-out>
  <system-err><![CDATA[]]></system-err>
</testsuite>
